[0.705s] DEBUG:colcon:Command line arguments: ['/usr/bin/colcon', 'build']
[0.705s] DEBUG:colcon:Parsed command line arguments: Namespace(log_base=None, log_level=None, verb_name='build', build_base='build', install_base='install', merge_install=False, symlink_install=False, test_result_base=None, continue_on_error=False, executor='parallel', parallel_workers=8, event_handlers=None, ignore_user_meta=False, metas=['./colcon.meta'], base_paths=['.'], packages_ignore=None, packages_ignore_regex=None, paths=None, packages_up_to=None, packages_up_to_regex=None, packages_above=None, packages_above_and_dependencies=None, packages_above_depth=None, packages_select_by_dep=None, packages_skip_by_dep=None, packages_skip_up_to=None, packages_select_build_failed=False, packages_skip_build_finished=False, packages_select_test_failures=False, packages_skip_test_passed=False, packages_select=None, packages_skip=None, packages_select_regex=None, packages_skip_regex=None, packages_start=None, packages_end=None, allow_overriding=[], cmake_args=None, cmake_target=None, cmake_target_skip_unavailable=False, cmake_clean_cache=False, cmake_clean_first=False, cmake_force_configure=False, ament_cmake_args=None, catkin_cmake_args=None, catkin_skip_building_tests=False, verb_parser=<colcon_defaults.argument_parser.defaults.DefaultArgumentsDecorator object at 0x7f7987c43820>, verb_extension=<colcon_core.verb.build.BuildVerb object at 0x7f7987c43bb0>, main=<bound method BuildVerb.main of <colcon_core.verb.build.BuildVerb object at 0x7f7987c43bb0>>)
[0.742s] Level 1:colcon.colcon_core.package_discovery:discover_packages(colcon_meta) check parameters
[0.742s] Level 1:colcon.colcon_core.package_discovery:discover_packages(recursive) check parameters
[0.742s] Level 1:colcon.colcon_core.package_discovery:discover_packages(ignore) check parameters
[0.742s] Level 1:colcon.colcon_core.package_discovery:discover_packages(path) check parameters
[0.742s] Level 1:colcon.colcon_core.package_discovery:discover_packages(colcon_meta) discover
[0.742s] Level 1:colcon.colcon_core.package_discovery:discover_packages(recursive) discover
[0.742s] INFO:colcon.colcon_core.package_discovery:Crawling recursively for packages in '/home/neaz/Downloads/Webots_Arbeit-main/ws/mecanum_robot'
[0.742s] Level 1:colcon.colcon_core.package_identification:_identify(.) by extensions ['ignore', 'ignore_ament_install']
[0.742s] Level 1:colcon.colcon_core.package_identification:_identify(.) by extension 'ignore'
[0.742s] Level 1:colcon.colcon_core.package_identification:_identify(.) by extension 'ignore_ament_install'
[0.742s] Level 1:colcon.colcon_core.package_identification:_identify(.) by extensions ['colcon_pkg']
[0.742s] Level 1:colcon.colcon_core.package_identification:_identify(.) by extension 'colcon_pkg'
[0.742s] Level 1:colcon.colcon_core.package_identification:_identify(.) by extensions ['colcon_meta']
[0.742s] Level 1:colcon.colcon_core.package_identification:_identify(.) by extension 'colcon_meta'
[0.742s] Level 1:colcon.colcon_core.package_identification:_identify(.) by extensions ['ros']
[0.742s] Level 1:colcon.colcon_core.package_identification:_identify(.) by extension 'ros'
[0.759s] DEBUG:colcon.colcon_core.package_identification:Package '.' with type 'ros.ament_cmake' and name 'mecanum_robot'
[0.759s] Level 1:colcon.colcon_core.package_discovery:discover_packages(recursive) using defaults
[0.759s] Level 1:colcon.colcon_core.package_discovery:discover_packages(ignore) discover
[0.759s] Level 1:colcon.colcon_core.package_discovery:discover_packages(ignore) using defaults
[0.759s] Level 1:colcon.colcon_core.package_discovery:discover_packages(path) discover
[0.759s] Level 1:colcon.colcon_core.package_discovery:discover_packages(path) using defaults
[0.835s] Level 1:colcon.colcon_core.package_discovery:discover_packages(prefix_path) check parameters
[0.835s] Level 1:colcon.colcon_core.package_discovery:discover_packages(prefix_path) discover
[0.860s] DEBUG:colcon.colcon_installed_package_information.package_discovery:Found 387 installed packages in /opt/ros/humble
[0.861s] Level 1:colcon.colcon_core.package_discovery:discover_packages(prefix_path) using defaults
[0.950s] Level 5:colcon.colcon_core.verb:set package 'mecanum_robot' build argument 'cmake_args' from command line to 'None'
[0.950s] Level 5:colcon.colcon_core.verb:set package 'mecanum_robot' build argument 'cmake_target' from command line to 'None'
[0.950s] Level 5:colcon.colcon_core.verb:set package 'mecanum_robot' build argument 'cmake_target_skip_unavailable' from command line to 'False'
[0.950s] Level 5:colcon.colcon_core.verb:set package 'mecanum_robot' build argument 'cmake_clean_cache' from command line to 'False'
[0.950s] Level 5:colcon.colcon_core.verb:set package 'mecanum_robot' build argument 'cmake_clean_first' from command line to 'False'
[0.950s] Level 5:colcon.colcon_core.verb:set package 'mecanum_robot' build argument 'cmake_force_configure' from command line to 'False'
[0.950s] Level 5:colcon.colcon_core.verb:set package 'mecanum_robot' build argument 'ament_cmake_args' from command line to 'None'
[0.950s] Level 5:colcon.colcon_core.verb:set package 'mecanum_robot' build argument 'catkin_cmake_args' from command line to 'None'
[0.950s] Level 5:colcon.colcon_core.verb:set package 'mecanum_robot' build argument 'catkin_skip_building_tests' from command line to 'False'
[0.950s] DEBUG:colcon.colcon_core.verb:Building package 'mecanum_robot' with the following arguments: {'ament_cmake_args': None, 'build_base': '/home/neaz/Downloads/Webots_Arbeit-main/ws/mecanum_robot/build/mecanum_robot', 'catkin_cmake_args': None, 'catkin_skip_building_tests': False, 'cmake_args': None, 'cmake_clean_cache': False, 'cmake_clean_first': False, 'cmake_force_configure': False, 'cmake_target': None, 'cmake_target_skip_unavailable': False, 'install_base': '/home/neaz/Downloads/Webots_Arbeit-main/ws/mecanum_robot/install/mecanum_robot', 'merge_install': False, 'path': '/home/neaz/Downloads/Webots_Arbeit-main/ws/mecanum_robot', 'symlink_install': False, 'test_result_base': None}
[0.961s] INFO:colcon.colcon_core.executor:Executing jobs using 'parallel' executor
[0.973s] DEBUG:colcon.colcon_parallel_executor.executor.parallel:run_until_complete
[0.974s] INFO:colcon.colcon_ros.task.ament_cmake.build:Building ROS package in '/home/neaz/Downloads/Webots_Arbeit-main/ws/mecanum_robot' with build type 'ament_cmake'
[0.974s] INFO:colcon.colcon_cmake.task.cmake.build:Building CMake package in '/home/neaz/Downloads/Webots_Arbeit-main/ws/mecanum_robot'
[0.986s] INFO:colcon.colcon_core.plugin_system:Skipping extension 'colcon_core.shell.bat': Not used on non-Windows systems
[0.986s] INFO:colcon.colcon_core.shell:Skip shell extension 'powershell' for command environment: Not usable outside of PowerShell
[0.986s] DEBUG:colcon.colcon_core.shell:Skip shell extension 'dsv' for command environment
[1.015s] DEBUG:colcon.colcon_core.event_handler.log_command:Invoking command in '/home/neaz/Downloads/Webots_Arbeit-main/ws/mecanum_robot/build/mecanum_robot': CMAKE_PREFIX_PATH=/opt/ros/humble /usr/bin/cmake /home/neaz/Downloads/Webots_Arbeit-main/ws/mecanum_robot -DCMAKE_INSTALL_PREFIX=/home/neaz/Downloads/Webots_Arbeit-main/ws/mecanum_robot/install/mecanum_robot
[2.047s] DEBUG:colcon.colcon_core.event_handler.log_command:Invoked command in '/home/neaz/Downloads/Webots_Arbeit-main/ws/mecanum_robot/build/mecanum_robot' returned '1': CMAKE_PREFIX_PATH=/opt/ros/humble /usr/bin/cmake /home/neaz/Downloads/Webots_Arbeit-main/ws/mecanum_robot -DCMAKE_INSTALL_PREFIX=/home/neaz/Downloads/Webots_Arbeit-main/ws/mecanum_robot/install/mecanum_robot
[2.056s] Level 1:colcon.colcon_core.environment:create_environment_scripts_only(mecanum_robot)
[2.070s] Level 1:colcon.colcon_core.environment:checking '/home/neaz/Downloads/Webots_Arbeit-main/ws/mecanum_robot/install/mecanum_robot' for CMake module files
[2.070s] Level 1:colcon.colcon_core.environment:checking '/home/neaz/Downloads/Webots_Arbeit-main/ws/mecanum_robot/install/mecanum_robot' for CMake config files
[2.070s] Level 1:colcon.colcon_core.environment:checking '/home/neaz/Downloads/Webots_Arbeit-main/ws/mecanum_robot/install/mecanum_robot/bin'
[2.070s] Level 1:colcon.colcon_core.environment:checking '/home/neaz/Downloads/Webots_Arbeit-main/ws/mecanum_robot/install/mecanum_robot/lib/pkgconfig/mecanum_robot.pc'
[2.071s] Level 1:colcon.colcon_core.environment:checking '/home/neaz/Downloads/Webots_Arbeit-main/ws/mecanum_robot/install/mecanum_robot/lib/python3.10/site-packages'
[2.071s] Level 1:colcon.colcon_core.environment:checking '/home/neaz/Downloads/Webots_Arbeit-main/ws/mecanum_robot/install/mecanum_robot/bin'
[2.083s] INFO:colcon.colcon_core.shell:Creating package script '/home/neaz/Downloads/Webots_Arbeit-main/ws/mecanum_robot/install/mecanum_robot/share/mecanum_robot/package.ps1'
[2.084s] INFO:colcon.colcon_core.shell:Creating package descriptor '/home/neaz/Downloads/Webots_Arbeit-main/ws/mecanum_robot/install/mecanum_robot/share/mecanum_robot/package.dsv'
[2.084s] INFO:colcon.colcon_core.shell:Creating package script '/home/neaz/Downloads/Webots_Arbeit-main/ws/mecanum_robot/install/mecanum_robot/share/mecanum_robot/package.sh'
[2.085s] INFO:colcon.colcon_core.shell:Creating package script '/home/neaz/Downloads/Webots_Arbeit-main/ws/mecanum_robot/install/mecanum_robot/share/mecanum_robot/package.bash'
[2.085s] INFO:colcon.colcon_core.shell:Creating package script '/home/neaz/Downloads/Webots_Arbeit-main/ws/mecanum_robot/install/mecanum_robot/share/mecanum_robot/package.zsh'
[2.086s] Level 1:colcon.colcon_core.environment:create_file_with_runtime_dependencies(/home/neaz/Downloads/Webots_Arbeit-main/ws/mecanum_robot/install/mecanum_robot/share/colcon-core/packages/mecanum_robot)
[2.096s] DEBUG:colcon.colcon_parallel_executor.executor.parallel:closing loop
[2.096s] DEBUG:colcon.colcon_parallel_executor.executor.parallel:loop closed
[2.096s] DEBUG:colcon.colcon_parallel_executor.executor.parallel:run_until_complete finished with '1'
[2.096s] DEBUG:colcon.colcon_core.event_reactor:joining thread
[2.114s] INFO:colcon.colcon_core.plugin_system:Skipping extension 'colcon_notification.desktop_notification.terminal_notifier': Not used on non-Darwin systems
[2.114s] INFO:colcon.colcon_core.plugin_system:Skipping extension 'colcon_notification.desktop_notification.win32': Not used on non-Windows systems
[2.114s] INFO:colcon.colcon_notification.desktop_notification:Sending desktop notification using 'notify2'
[2.127s] DEBUG:colcon.colcon_core.event_reactor:joined thread
[2.158s] INFO:colcon.colcon_core.shell:Creating prefix script '/home/neaz/Downloads/Webots_Arbeit-main/ws/mecanum_robot/install/local_setup.ps1'
[2.159s] INFO:colcon.colcon_core.shell:Creating prefix util module '/home/neaz/Downloads/Webots_Arbeit-main/ws/mecanum_robot/install/_local_setup_util_ps1.py'
[2.162s] INFO:colcon.colcon_core.shell:Creating prefix chain script '/home/neaz/Downloads/Webots_Arbeit-main/ws/mecanum_robot/install/setup.ps1'
[2.198s] INFO:colcon.colcon_core.shell:Creating prefix script '/home/neaz/Downloads/Webots_Arbeit-main/ws/mecanum_robot/install/local_setup.sh'
[2.199s] INFO:colcon.colcon_core.shell:Creating prefix util module '/home/neaz/Downloads/Webots_Arbeit-main/ws/mecanum_robot/install/_local_setup_util_sh.py'
[2.201s] INFO:colcon.colcon_core.shell:Creating prefix chain script '/home/neaz/Downloads/Webots_Arbeit-main/ws/mecanum_robot/install/setup.sh'
[2.227s] INFO:colcon.colcon_core.shell:Creating prefix script '/home/neaz/Downloads/Webots_Arbeit-main/ws/mecanum_robot/install/local_setup.bash'
[2.227s] INFO:colcon.colcon_core.shell:Creating prefix chain script '/home/neaz/Downloads/Webots_Arbeit-main/ws/mecanum_robot/install/setup.bash'
[2.240s] INFO:colcon.colcon_core.shell:Creating prefix script '/home/neaz/Downloads/Webots_Arbeit-main/ws/mecanum_robot/install/local_setup.zsh'
[2.240s] INFO:colcon.colcon_core.shell:Creating prefix chain script '/home/neaz/Downloads/Webots_Arbeit-main/ws/mecanum_robot/install/setup.zsh'
