[0.043s] Invoking command in '/home/neaz/Projekt/Ros2_ws/src/ros2_learners/navigation_tb3/build/navigation_tb3': CMAKE_PREFIX_PATH=/opt/ros/humble /usr/bin/cmake /home/neaz/Projekt/Ros2_ws/src/ros2_learners/navigation_tb3 -DAMENT_CMAKE_SYMLINK_INSTALL=1 -DCMAKE_INSTALL_PREFIX=/home/neaz/Projekt/Ros2_ws/src/ros2_learners/navigation_tb3/install/navigation_tb3
[0.085s] -- The C compiler identification is GNU 11.4.0
[0.131s] -- The CXX compiler identification is GNU 11.4.0
[0.137s] -- Detecting C compiler ABI info
[0.198s] -- Detecting C compiler ABI info - done
[0.204s] -- Check for working C compiler: /usr/bin/cc - skipped
[0.204s] -- Detecting C compile features
[0.205s] -- Detecting C compile features - done
[0.208s] -- Detecting CXX compiler ABI info
[0.277s] -- Detecting CXX compiler ABI info - done
[0.287s] -- Check for working CXX compiler: /usr/bin/c++ - skipped
[0.287s] -- Detecting CXX compile features
[0.288s] -- Detecting CXX compile features - done
[0.290s] -- Found ament_cmake: 1.3.5 (/opt/ros/humble/share/ament_cmake/cmake)
[0.446s] -- Found Python3: /usr/bin/python3.10 (found version "3.10.12") found components: Interpreter 
[0.499s] -- Override CMake install command with custom implementation using symlinks instead of copying resources
[0.524s] -- Found rclcpp: 16.0.6 (/opt/ros/humble/share/rclcpp/cmake)
[0.563s] -- Found rosidl_generator_c: 3.1.5 (/opt/ros/humble/share/rosidl_generator_c/cmake)
[0.568s] -- Found rosidl_adapter: 3.1.5 (/opt/ros/humble/share/rosidl_adapter/cmake)
[0.576s] -- Found rosidl_generator_cpp: 3.1.5 (/opt/ros/humble/share/rosidl_generator_cpp/cmake)
[0.589s] -- Using all available rosidl_typesupport_c: rosidl_typesupport_fastrtps_c;rosidl_typesupport_introspection_c
[0.608s] -- Using all available rosidl_typesupport_cpp: rosidl_typesupport_fastrtps_cpp;rosidl_typesupport_introspection_cpp
[0.673s] -- Found rmw_implementation_cmake: 6.1.1 (/opt/ros/humble/share/rmw_implementation_cmake/cmake)
[0.676s] -- Found rmw_fastrtps_cpp: 6.2.4 (/opt/ros/humble/share/rmw_fastrtps_cpp/cmake)
[0.758s] -- Found OpenSSL: /usr/lib/x86_64-linux-gnu/libcrypto.so (found version "3.0.2")  
[0.782s] -- Found FastRTPS: /opt/ros/humble/include  
[0.824s] -- Using RMW implementation 'rmw_fastrtps_cpp' as default
[0.832s] -- Looking for pthread.h
[0.895s] -- Looking for pthread.h - found
[0.895s] -- Performing Test CMAKE_HAVE_LIBC_PTHREAD
[0.958s] -- Performing Test CMAKE_HAVE_LIBC_PTHREAD - Success
[0.959s] -- Found Threads: TRUE  
[1.113s] -- Found nav_msgs: 4.2.3 (/opt/ros/humble/share/nav_msgs/cmake)
[1.231s] -- Found rclpy: 3.3.10 (/opt/ros/humble/share/rclpy/cmake)
[1.355s] -- Configuring done
[1.364s] -- Generating done
[1.366s] -- Build files have been written to: /home/neaz/Projekt/Ros2_ws/src/ros2_learners/navigation_tb3/build/navigation_tb3
[1.375s] Invoked command in '/home/neaz/Projekt/Ros2_ws/src/ros2_learners/navigation_tb3/build/navigation_tb3' returned '0': CMAKE_PREFIX_PATH=/opt/ros/humble /usr/bin/cmake /home/neaz/Projekt/Ros2_ws/src/ros2_learners/navigation_tb3 -DAMENT_CMAKE_SYMLINK_INSTALL=1 -DCMAKE_INSTALL_PREFIX=/home/neaz/Projekt/Ros2_ws/src/ros2_learners/navigation_tb3/install/navigation_tb3
[1.376s] Invoking command in '/home/neaz/Projekt/Ros2_ws/src/ros2_learners/navigation_tb3/build/navigation_tb3': CMAKE_PREFIX_PATH=/opt/ros/humble /usr/bin/cmake --build /home/neaz/Projekt/Ros2_ws/src/ros2_learners/navigation_tb3/build/navigation_tb3 -- -j8 -l8
[1.417s] [ 50%] [32mBuilding CXX object CMakeFiles/pub_occupancy_grid.dir/src/pub_occupancy_grid.cpp.o[0m
[1.424s] [ 50%] Built target ament_cmake_python_symlink_navigation_tb3
[1.657s] running egg_info
[1.657s] creating navigation_tb3.egg-info
[1.658s] writing navigation_tb3.egg-info/PKG-INFO
[1.658s] writing dependency_links to navigation_tb3.egg-info/dependency_links.txt
[1.658s] writing top-level names to navigation_tb3.egg-info/top_level.txt
[1.658s] writing manifest file 'navigation_tb3.egg-info/SOURCES.txt'
[1.660s] reading manifest file 'navigation_tb3.egg-info/SOURCES.txt'
[1.661s] writing manifest file 'navigation_tb3.egg-info/SOURCES.txt'
[1.692s] [ 50%] Built target ament_cmake_python_build_navigation_tb3_egg
[5.074s] [100%] [32m[1mLinking CXX executable pub_occupancy_grid[0m
[5.233s] [100%] Built target pub_occupancy_grid
[5.243s] Invoked command in '/home/neaz/Projekt/Ros2_ws/src/ros2_learners/navigation_tb3/build/navigation_tb3' returned '0': CMAKE_PREFIX_PATH=/opt/ros/humble /usr/bin/cmake --build /home/neaz/Projekt/Ros2_ws/src/ros2_learners/navigation_tb3/build/navigation_tb3 -- -j8 -l8
[5.271s] Invoking command in '/home/neaz/Projekt/Ros2_ws/src/ros2_learners/navigation_tb3/build/navigation_tb3': CMAKE_PREFIX_PATH=/opt/ros/humble /usr/bin/cmake --install /home/neaz/Projekt/Ros2_ws/src/ros2_learners/navigation_tb3/build/navigation_tb3
[5.277s] -- Install configuration: ""
[5.277s] -- Execute custom install script
[5.277s] -- Symlinking: /home/neaz/Projekt/Ros2_ws/src/ros2_learners/navigation_tb3/install/navigation_tb3/lib/navigation_tb3/pub_occupancy_grid
[5.285s] -- Symlinking: /home/neaz/Projekt/Ros2_ws/src/ros2_learners/navigation_tb3/install/navigation_tb3/share/navigation_tb3/launch/mapping.launch.py
[5.292s] -- Symlinking: /home/neaz/Projekt/Ros2_ws/src/ros2_learners/navigation_tb3/install/navigation_tb3/share/navigation_tb3/launch/navigation.launch.py
[5.299s] -- Symlinking: /home/neaz/Projekt/Ros2_ws/src/ros2_learners/navigation_tb3/install/navigation_tb3/share/navigation_tb3/config/mapping.rviz
[5.306s] -- Symlinking: /home/neaz/Projekt/Ros2_ws/src/ros2_learners/navigation_tb3/install/navigation_tb3/share/navigation_tb3/config/navigation.rviz
[5.313s] -- Symlinking: /home/neaz/Projekt/Ros2_ws/src/ros2_learners/navigation_tb3/install/navigation_tb3/share/navigation_tb3/config/tb3_map.pgm
[5.320s] -- Symlinking: /home/neaz/Projekt/Ros2_ws/src/ros2_learners/navigation_tb3/install/navigation_tb3/share/navigation_tb3/config/tb3_map.yaml
[5.327s] -- Symlinking: /home/neaz/Projekt/Ros2_ws/src/ros2_learners/navigation_tb3/install/navigation_tb3/share/navigation_tb3/config/tb3_nav2_params.yaml
[5.334s] -- Symlinking: /home/neaz/Projekt/Ros2_ws/src/ros2_learners/navigation_tb3/install/navigation_tb3/share/navigation_tb3/config/turtlebot3_lds_2d.lua
[5.342s] -- Symlinking: /home/neaz/Projekt/Ros2_ws/src/ros2_learners/navigation_tb3/install/navigation_tb3/share/navigation_tb3/environment/pythonpath.sh
[5.349s] -- Symlinking: /home/neaz/Projekt/Ros2_ws/src/ros2_learners/navigation_tb3/install/navigation_tb3/share/navigation_tb3/environment/pythonpath.dsv
[5.356s] -- Symlinking: /home/neaz/Projekt/Ros2_ws/src/ros2_learners/navigation_tb3/install/navigation_tb3/local/lib/python3.10/dist-packages/navigation_tb3-0.0.0-py3.10.egg-info/PKG-INFO
[5.364s] -- Symlinking: /home/neaz/Projekt/Ros2_ws/src/ros2_learners/navigation_tb3/install/navigation_tb3/local/lib/python3.10/dist-packages/navigation_tb3-0.0.0-py3.10.egg-info/SOURCES.txt
[5.371s] -- Symlinking: /home/neaz/Projekt/Ros2_ws/src/ros2_learners/navigation_tb3/install/navigation_tb3/local/lib/python3.10/dist-packages/navigation_tb3-0.0.0-py3.10.egg-info/dependency_links.txt
[5.378s] -- Symlinking: /home/neaz/Projekt/Ros2_ws/src/ros2_learners/navigation_tb3/install/navigation_tb3/local/lib/python3.10/dist-packages/navigation_tb3-0.0.0-py3.10.egg-info/top_level.txt
[5.386s] -- Symlinking: /home/neaz/Projekt/Ros2_ws/src/ros2_learners/navigation_tb3/install/navigation_tb3/local/lib/python3.10/dist-packages/navigation_tb3/__init__.py
[5.393s] -- Symlinking: /home/neaz/Projekt/Ros2_ws/src/ros2_learners/navigation_tb3/install/navigation_tb3/lib/navigation_tb3/single_goal_nav.py
[5.400s] -- Symlinking: /home/neaz/Projekt/Ros2_ws/src/ros2_learners/navigation_tb3/install/navigation_tb3/lib/navigation_tb3/multi_waypoints.py
[5.407s] -- Symlinking: /home/neaz/Projekt/Ros2_ws/src/ros2_learners/navigation_tb3/install/navigation_tb3/share/ament_index/resource_index/package_run_dependencies/navigation_tb3
[5.414s] -- Symlinking: /home/neaz/Projekt/Ros2_ws/src/ros2_learners/navigation_tb3/install/navigation_tb3/share/ament_index/resource_index/parent_prefix_path/navigation_tb3
[5.421s] -- Symlinking: /home/neaz/Projekt/Ros2_ws/src/ros2_learners/navigation_tb3/install/navigation_tb3/share/navigation_tb3/environment/ament_prefix_path.sh
[5.427s] -- Symlinking: /home/neaz/Projekt/Ros2_ws/src/ros2_learners/navigation_tb3/install/navigation_tb3/share/navigation_tb3/environment/ament_prefix_path.dsv
[5.434s] -- Symlinking: /home/neaz/Projekt/Ros2_ws/src/ros2_learners/navigation_tb3/install/navigation_tb3/share/navigation_tb3/environment/path.sh
[5.440s] -- Symlinking: /home/neaz/Projekt/Ros2_ws/src/ros2_learners/navigation_tb3/install/navigation_tb3/share/navigation_tb3/environment/path.dsv
[5.447s] -- Symlinking: /home/neaz/Projekt/Ros2_ws/src/ros2_learners/navigation_tb3/install/navigation_tb3/share/navigation_tb3/local_setup.bash
[5.454s] -- Symlinking: /home/neaz/Projekt/Ros2_ws/src/ros2_learners/navigation_tb3/install/navigation_tb3/share/navigation_tb3/local_setup.sh
[5.461s] -- Symlinking: /home/neaz/Projekt/Ros2_ws/src/ros2_learners/navigation_tb3/install/navigation_tb3/share/navigation_tb3/local_setup.zsh
[5.468s] -- Symlinking: /home/neaz/Projekt/Ros2_ws/src/ros2_learners/navigation_tb3/install/navigation_tb3/share/navigation_tb3/local_setup.dsv
[5.475s] -- Symlinking: /home/neaz/Projekt/Ros2_ws/src/ros2_learners/navigation_tb3/install/navigation_tb3/share/navigation_tb3/package.dsv
[5.482s] -- Symlinking: /home/neaz/Projekt/Ros2_ws/src/ros2_learners/navigation_tb3/install/navigation_tb3/share/ament_index/resource_index/packages/navigation_tb3
[5.488s] -- Symlinking: /home/neaz/Projekt/Ros2_ws/src/ros2_learners/navigation_tb3/install/navigation_tb3/share/navigation_tb3/cmake/navigation_tb3Config.cmake
[5.495s] -- Symlinking: /home/neaz/Projekt/Ros2_ws/src/ros2_learners/navigation_tb3/install/navigation_tb3/share/navigation_tb3/cmake/navigation_tb3Config-version.cmake
[5.502s] -- Symlinking: /home/neaz/Projekt/Ros2_ws/src/ros2_learners/navigation_tb3/install/navigation_tb3/share/navigation_tb3/package.xml
[5.535s] Listing '/home/neaz/Projekt/Ros2_ws/src/ros2_learners/navigation_tb3/install/navigation_tb3/local/lib/python3.10/dist-packages/navigation_tb3'...
[5.536s] Compiling '/home/neaz/Projekt/Ros2_ws/src/ros2_learners/navigation_tb3/install/navigation_tb3/local/lib/python3.10/dist-packages/navigation_tb3/__init__.py'...
[5.541s] Invoked command in '/home/neaz/Projekt/Ros2_ws/src/ros2_learners/navigation_tb3/build/navigation_tb3' returned '0': CMAKE_PREFIX_PATH=/opt/ros/humble /usr/bin/cmake --install /home/neaz/Projekt/Ros2_ws/src/ros2_learners/navigation_tb3/build/navigation_tb3
