[0.045s] Invoking command in '/home/neaz/Downloads/mecanum_robot/build/mecanum_robot': CMAKE_PREFIX_PATH=/opt/ros/humble /usr/bin/cmake /home/neaz/Downloads/mecanum_robot -DCMAKE_INSTALL_PREFIX=/home/neaz/Downloads/mecanum_robot/install/mecanum_robot
[0.093s] -- The C compiler identification is GNU 11.4.0
[0.136s] -- The CXX compiler identification is GNU 11.4.0
[0.142s] -- Detecting C compiler ABI info
[0.194s] -- Detecting C compiler ABI info - done
[0.200s] -- Check for working C compiler: /usr/bin/cc - skipped
[0.200s] -- Detecting C compile features
[0.200s] -- Detecting C compile features - done
[0.203s] -- Detecting CXX compiler ABI info
[0.267s] -- Detecting CXX compiler ABI info - done
[0.273s] -- Check for working CXX compiler: /usr/bin/c++ - skipped
[0.273s] -- Detecting CXX compile features
[0.273s] -- Detecting CXX compile features - done
[0.276s] -- Found ament_cmake: 1.3.5 (/opt/ros/humble/share/ament_cmake/cmake)
[0.418s] -- Found Python3: /usr/bin/python3.10 (found version "3.10.12") found components: Interpreter 
[0.494s] -- Found rclcpp: 16.0.6 (/opt/ros/humble/share/rclcpp/cmake)
[0.529s] -- Found rosidl_generator_c: 3.1.5 (/opt/ros/humble/share/rosidl_generator_c/cmake)
[0.533s] -- Found rosidl_adapter: 3.1.5 (/opt/ros/humble/share/rosidl_adapter/cmake)
[0.540s] -- Found rosidl_generator_cpp: 3.1.5 (/opt/ros/humble/share/rosidl_generator_cpp/cmake)
[0.552s] -- Using all available rosidl_typesupport_c: rosidl_typesupport_fastrtps_c;rosidl_typesupport_introspection_c
[0.569s] -- Using all available rosidl_typesupport_cpp: rosidl_typesupport_fastrtps_cpp;rosidl_typesupport_introspection_cpp
[0.626s] -- Found rmw_implementation_cmake: 6.1.1 (/opt/ros/humble/share/rmw_implementation_cmake/cmake)
[0.628s] -- Found rmw_fastrtps_cpp: 6.2.4 (/opt/ros/humble/share/rmw_fastrtps_cpp/cmake)
[0.716s] -- Found OpenSSL: /usr/lib/x86_64-linux-gnu/libcrypto.so (found version "3.0.2")  
[0.740s] -- Found FastRTPS: /opt/ros/humble/include  
[0.781s] -- Using RMW implementation 'rmw_fastrtps_cpp' as default
[0.790s] -- Looking for pthread.h
[0.851s] -- Looking for pthread.h - found
[0.851s] -- Performing Test CMAKE_HAVE_LIBC_PTHREAD
[0.916s] -- Performing Test CMAKE_HAVE_LIBC_PTHREAD - Success
[0.917s] -- Found Threads: TRUE  
[1.064s] -- Found geometry_msgs: 4.2.3 (/opt/ros/humble/share/geometry_msgs/cmake)
[1.105s] -- Found pluginlib: 5.1.0 (/opt/ros/humble/share/pluginlib/cmake)
[1.139s] -- Configuring incomplete, errors occurred!
[1.139s] See also "/home/neaz/Downloads/mecanum_robot/build/mecanum_robot/CMakeFiles/CMakeOutput.log".
[1.139s] [31mCMake Error at CMakeLists.txt:14 (find_package):
[1.139s]   By not providing "Findwebots_ros2_driver.cmake" in CMAKE_MODULE_PATH this
[1.139s]   project has asked CMake to find a package configuration file provided by
[1.139s]   "webots_ros2_driver", but CMake did not find one.
[1.139s] 
[1.139s]   Could not find a package configuration file provided by
[1.139s]   "webots_ros2_driver" with any of the following names:
[1.139s] 
[1.139s]     webots_ros2_driverConfig.cmake
[1.139s]     webots_ros2_driver-config.cmake
[1.139s] 
[1.139s]   Add the installation prefix of "webots_ros2_driver" to CMAKE_PREFIX_PATH or
[1.139s]   set "webots_ros2_driver_DIR" to a directory containing one of the above
[1.139s]   files.  If "webots_ros2_driver" provides a separate development package or
[1.139s]   SDK, be sure it has been installed.
[1.139s] 
[1.139s] [0m
[1.146s] Invoked command in '/home/neaz/Downloads/mecanum_robot/build/mecanum_robot' returned '1': CMAKE_PREFIX_PATH=/opt/ros/humble /usr/bin/cmake /home/neaz/Downloads/mecanum_robot -DCMAKE_INSTALL_PREFIX=/home/neaz/Downloads/mecanum_robot/install/mecanum_robot
