[0.044s] Invoking command in '/home/neaz/Projekt/tryout/build/navigation_tb3': CMAKE_PREFIX_PATH=/opt/ros/humble /usr/bin/cmake /home/neaz/Projekt/tryout -DAMENT_CMAKE_SYMLINK_INSTALL=1 -DCMAKE_INSTALL_PREFIX=/home/neaz/Projekt/tryout/install/navigation_tb3
[0.086s] -- The C compiler identification is GNU 11.4.0
[0.132s] -- The CXX compiler identification is GNU 11.4.0
[0.138s] -- Detecting C compiler ABI info
[0.191s] -- Detecting C compiler ABI info - done
[0.197s] -- Check for working C compiler: /usr/bin/cc - skipped
[0.198s] -- Detecting C compile features
[0.198s] -- Detecting C compile features - done
[0.200s] -- Detecting CXX compiler ABI info
[0.263s] -- Detecting CXX compiler ABI info - done
[0.270s] -- Check for working CXX compiler: /usr/bin/c++ - skipped
[0.270s] -- Detecting CXX compile features
[0.270s] -- Detecting CXX compile features - done
[0.272s] -- Found ament_cmake: 1.3.5 (/opt/ros/humble/share/ament_cmake/cmake)
[0.419s] -- Found Python3: /usr/bin/python3.10 (found version "3.10.12") found components: Interpreter 
[0.470s] -- Override CMake install command with custom implementation using symlinks instead of copying resources
[0.491s] -- Found rclcpp: 16.0.6 (/opt/ros/humble/share/rclcpp/cmake)
[0.526s] -- Found rosidl_generator_c: 3.1.5 (/opt/ros/humble/share/rosidl_generator_c/cmake)
[0.530s] -- Found rosidl_adapter: 3.1.5 (/opt/ros/humble/share/rosidl_adapter/cmake)
[0.537s] -- Found rosidl_generator_cpp: 3.1.5 (/opt/ros/humble/share/rosidl_generator_cpp/cmake)
[0.548s] -- Using all available rosidl_typesupport_c: rosidl_typesupport_fastrtps_c;rosidl_typesupport_introspection_c
[0.564s] -- Using all available rosidl_typesupport_cpp: rosidl_typesupport_fastrtps_cpp;rosidl_typesupport_introspection_cpp
[0.624s] -- Found rmw_implementation_cmake: 6.1.1 (/opt/ros/humble/share/rmw_implementation_cmake/cmake)
[0.626s] -- Found rmw_fastrtps_cpp: 6.2.4 (/opt/ros/humble/share/rmw_fastrtps_cpp/cmake)
[0.703s] -- Found OpenSSL: /usr/lib/x86_64-linux-gnu/libcrypto.so (found version "3.0.2")  
[0.726s] -- Found FastRTPS: /opt/ros/humble/include  
[0.766s] -- Using RMW implementation 'rmw_fastrtps_cpp' as default
[0.774s] -- Looking for pthread.h
[0.831s] -- Looking for pthread.h - found
[0.832s] -- Performing Test CMAKE_HAVE_LIBC_PTHREAD
[0.891s] -- Performing Test CMAKE_HAVE_LIBC_PTHREAD - Success
[0.892s] -- Found Threads: TRUE  
[1.029s] -- Found nav_msgs: 4.2.3 (/opt/ros/humble/share/nav_msgs/cmake)
[1.140s] -- Found rclpy: 3.3.10 (/opt/ros/humble/share/rclpy/cmake)
[1.265s] -- Configuring done
[1.273s] -- Generating done
[1.274s] -- Build files have been written to: /home/neaz/Projekt/tryout/build/navigation_tb3
[1.282s] Invoked command in '/home/neaz/Projekt/tryout/build/navigation_tb3' returned '0': CMAKE_PREFIX_PATH=/opt/ros/humble /usr/bin/cmake /home/neaz/Projekt/tryout -DAMENT_CMAKE_SYMLINK_INSTALL=1 -DCMAKE_INSTALL_PREFIX=/home/neaz/Projekt/tryout/install/navigation_tb3
[1.283s] Invoking command in '/home/neaz/Projekt/tryout/build/navigation_tb3': CMAKE_PREFIX_PATH=/opt/ros/humble /usr/bin/cmake --build /home/neaz/Projekt/tryout/build/navigation_tb3 -- -j8 -l8
[1.324s] [ 50%] [32mBuilding CXX object CMakeFiles/pub_occupancy_grid.dir/src/pub_occupancy_grid.cpp.o[0m
[1.331s] [ 50%] Built target ament_cmake_python_symlink_navigation_tb3
[1.554s] running egg_info
[1.554s] creating navigation_tb3.egg-info
[1.554s] writing navigation_tb3.egg-info/PKG-INFO
[1.555s] writing dependency_links to navigation_tb3.egg-info/dependency_links.txt
[1.555s] writing top-level names to navigation_tb3.egg-info/top_level.txt
[1.555s] writing manifest file 'navigation_tb3.egg-info/SOURCES.txt'
[1.556s] reading manifest file 'navigation_tb3.egg-info/SOURCES.txt'
[1.557s] writing manifest file 'navigation_tb3.egg-info/SOURCES.txt'
[1.581s] [ 50%] Built target ament_cmake_python_build_navigation_tb3_egg
[4.859s] [100%] [32m[1mLinking CXX executable pub_occupancy_grid[0m
[5.019s] [100%] Built target pub_occupancy_grid
[5.027s] Invoked command in '/home/neaz/Projekt/tryout/build/navigation_tb3' returned '0': CMAKE_PREFIX_PATH=/opt/ros/humble /usr/bin/cmake --build /home/neaz/Projekt/tryout/build/navigation_tb3 -- -j8 -l8
[5.053s] Invoking command in '/home/neaz/Projekt/tryout/build/navigation_tb3': CMAKE_PREFIX_PATH=/opt/ros/humble /usr/bin/cmake --install /home/neaz/Projekt/tryout/build/navigation_tb3
[5.059s] -- Install configuration: ""
[5.059s] -- Execute custom install script
[5.060s] -- Symlinking: /home/neaz/Projekt/tryout/install/navigation_tb3/lib/navigation_tb3/pub_occupancy_grid
[5.067s] -- Symlinking: /home/neaz/Projekt/tryout/install/navigation_tb3/share/navigation_tb3/launch/mapping.launch.py
[5.073s] -- Symlinking: /home/neaz/Projekt/tryout/install/navigation_tb3/share/navigation_tb3/launch/navigation.launch.py
[5.080s] -- Symlinking: /home/neaz/Projekt/tryout/install/navigation_tb3/share/navigation_tb3/config/mapping.rviz
[5.087s] -- Symlinking: /home/neaz/Projekt/tryout/install/navigation_tb3/share/navigation_tb3/config/navigation.rviz
[5.093s] -- Symlinking: /home/neaz/Projekt/tryout/install/navigation_tb3/share/navigation_tb3/config/tb3_map.pgm
[5.100s] -- Symlinking: /home/neaz/Projekt/tryout/install/navigation_tb3/share/navigation_tb3/config/tb3_map.yaml
[5.107s] -- Symlinking: /home/neaz/Projekt/tryout/install/navigation_tb3/share/navigation_tb3/config/tb3_nav2_params.yaml
[5.113s] -- Symlinking: /home/neaz/Projekt/tryout/install/navigation_tb3/share/navigation_tb3/config/turtlebot3_lds_2d.lua
[5.120s] -- Symlinking: /home/neaz/Projekt/tryout/install/navigation_tb3/share/navigation_tb3/environment/pythonpath.sh
[5.126s] -- Symlinking: /home/neaz/Projekt/tryout/install/navigation_tb3/share/navigation_tb3/environment/pythonpath.dsv
[5.133s] -- Symlinking: /home/neaz/Projekt/tryout/install/navigation_tb3/local/lib/python3.10/dist-packages/navigation_tb3-0.0.0-py3.10.egg-info/PKG-INFO
[5.140s] -- Symlinking: /home/neaz/Projekt/tryout/install/navigation_tb3/local/lib/python3.10/dist-packages/navigation_tb3-0.0.0-py3.10.egg-info/SOURCES.txt
[5.147s] -- Symlinking: /home/neaz/Projekt/tryout/install/navigation_tb3/local/lib/python3.10/dist-packages/navigation_tb3-0.0.0-py3.10.egg-info/dependency_links.txt
[5.153s] -- Symlinking: /home/neaz/Projekt/tryout/install/navigation_tb3/local/lib/python3.10/dist-packages/navigation_tb3-0.0.0-py3.10.egg-info/top_level.txt
[5.161s] -- Symlinking: /home/neaz/Projekt/tryout/install/navigation_tb3/local/lib/python3.10/dist-packages/navigation_tb3/__init__.py
[5.167s] -- Symlinking: /home/neaz/Projekt/tryout/install/navigation_tb3/lib/navigation_tb3/single_goal_nav.py
[5.173s] -- Symlinking: /home/neaz/Projekt/tryout/install/navigation_tb3/lib/navigation_tb3/multi_waypoints.py
[5.180s] -- Symlinking: /home/neaz/Projekt/tryout/install/navigation_tb3/share/ament_index/resource_index/package_run_dependencies/navigation_tb3
[5.187s] -- Symlinking: /home/neaz/Projekt/tryout/install/navigation_tb3/share/ament_index/resource_index/parent_prefix_path/navigation_tb3
[5.193s] -- Symlinking: /home/neaz/Projekt/tryout/install/navigation_tb3/share/navigation_tb3/environment/ament_prefix_path.sh
[5.200s] -- Symlinking: /home/neaz/Projekt/tryout/install/navigation_tb3/share/navigation_tb3/environment/ament_prefix_path.dsv
[5.207s] -- Symlinking: /home/neaz/Projekt/tryout/install/navigation_tb3/share/navigation_tb3/environment/path.sh
[5.213s] -- Symlinking: /home/neaz/Projekt/tryout/install/navigation_tb3/share/navigation_tb3/environment/path.dsv
[5.220s] -- Symlinking: /home/neaz/Projekt/tryout/install/navigation_tb3/share/navigation_tb3/local_setup.bash
[5.227s] -- Symlinking: /home/neaz/Projekt/tryout/install/navigation_tb3/share/navigation_tb3/local_setup.sh
[5.233s] -- Symlinking: /home/neaz/Projekt/tryout/install/navigation_tb3/share/navigation_tb3/local_setup.zsh
[5.240s] -- Symlinking: /home/neaz/Projekt/tryout/install/navigation_tb3/share/navigation_tb3/local_setup.dsv
[5.246s] -- Symlinking: /home/neaz/Projekt/tryout/install/navigation_tb3/share/navigation_tb3/package.dsv
[5.253s] -- Symlinking: /home/neaz/Projekt/tryout/install/navigation_tb3/share/ament_index/resource_index/packages/navigation_tb3
[5.260s] -- Symlinking: /home/neaz/Projekt/tryout/install/navigation_tb3/share/navigation_tb3/cmake/navigation_tb3Config.cmake
[5.266s] -- Symlinking: /home/neaz/Projekt/tryout/install/navigation_tb3/share/navigation_tb3/cmake/navigation_tb3Config-version.cmake
[5.273s] -- Symlinking: /home/neaz/Projekt/tryout/install/navigation_tb3/share/navigation_tb3/package.xml
[5.305s] Listing '/home/neaz/Projekt/tryout/install/navigation_tb3/local/lib/python3.10/dist-packages/navigation_tb3'...
[5.305s] Compiling '/home/neaz/Projekt/tryout/install/navigation_tb3/local/lib/python3.10/dist-packages/navigation_tb3/__init__.py'...
[5.310s] Invoked command in '/home/neaz/Projekt/tryout/build/navigation_tb3' returned '0': CMAKE_PREFIX_PATH=/opt/ros/humble /usr/bin/cmake --install /home/neaz/Projekt/tryout/build/navigation_tb3
