[0.041s] Invoking command in '/home/neaz/Downloads/Webots_Arbeit-main/ws/mecanum_robot/build/mecanum_robot': CMAKE_PREFIX_PATH=/opt/ros/humble /usr/bin/cmake /home/neaz/Downloads/Webots_Arbeit-main/ws/mecanum_robot -DCMAKE_INSTALL_PREFIX=/home/neaz/Downloads/Webots_Arbeit-main/ws/mecanum_robot/install/mecanum_robot
[0.089s] -- The C compiler identification is GNU 11.4.0
[0.133s] -- The CXX compiler identification is GNU 11.4.0
[0.139s] -- Detecting C compiler ABI info
[0.192s] -- Detecting C compiler ABI info - done
[0.198s] -- Check for working C compiler: /usr/bin/cc - skipped
[0.198s] -- Detecting C compile features
[0.198s] -- Detecting C compile features - done
[0.200s] -- Detecting CXX compiler ABI info
[0.262s] -- Detecting CXX compiler ABI info - done
[0.269s] -- Check for working CXX compiler: /usr/bin/c++ - skipped
[0.269s] -- Detecting CXX compile features
[0.269s] -- Detecting CXX compile features - done
[0.271s] -- Found ament_cmake: 1.3.5 (/opt/ros/humble/share/ament_cmake/cmake)
[0.411s] -- Found Python3: /usr/bin/python3.10 (found version "3.10.12") found components: Interpreter 
[0.480s] -- Found rclcpp: 16.0.6 (/opt/ros/humble/share/rclcpp/cmake)
[0.513s] -- Found rosidl_generator_c: 3.1.5 (/opt/ros/humble/share/rosidl_generator_c/cmake)
[0.517s] -- Found rosidl_adapter: 3.1.5 (/opt/ros/humble/share/rosidl_adapter/cmake)
[0.524s] -- Found rosidl_generator_cpp: 3.1.5 (/opt/ros/humble/share/rosidl_generator_cpp/cmake)
[0.535s] -- Using all available rosidl_typesupport_c: rosidl_typesupport_fastrtps_c;rosidl_typesupport_introspection_c
[0.550s] -- Using all available rosidl_typesupport_cpp: rosidl_typesupport_fastrtps_cpp;rosidl_typesupport_introspection_cpp
[0.606s] -- Found rmw_implementation_cmake: 6.1.1 (/opt/ros/humble/share/rmw_implementation_cmake/cmake)
[0.607s] -- Found rmw_fastrtps_cpp: 6.2.4 (/opt/ros/humble/share/rmw_fastrtps_cpp/cmake)
[0.682s] -- Found OpenSSL: /usr/lib/x86_64-linux-gnu/libcrypto.so (found version "3.0.2")  
[0.704s] -- Found FastRTPS: /opt/ros/humble/include  
[0.741s] -- Using RMW implementation 'rmw_fastrtps_cpp' as default
[0.749s] -- Looking for pthread.h
[0.806s] -- Looking for pthread.h - found
[0.806s] -- Performing Test CMAKE_HAVE_LIBC_PTHREAD
[0.862s] -- Performing Test CMAKE_HAVE_LIBC_PTHREAD - Success
[0.862s] -- Found Threads: TRUE  
[0.993s] -- Found geometry_msgs: 4.2.3 (/opt/ros/humble/share/geometry_msgs/cmake)
[1.035s] -- Found pluginlib: 5.1.0 (/opt/ros/humble/share/pluginlib/cmake)
[1.066s] [31mCMake Error at CMakeLists.txt:14 (find_package):
[1.066s]   By not providing "Findwebots_ros2_driver.cmake" in CMAKE_MODULE_PATH this
[1.066s]   project has asked CMake to find a package configuration file provided by
[1.066s]   "webots_ros2_driver", but CMake did not find one.
[1.066s] 
[1.066s]   Could not find a package configuration file provided by
[1.066s]   "webots_ros2_driver" with any of the following names:
[1.066s] 
[1.066s]     webots_ros2_driverConfig.cmake
[1.066s]     webots_ros2_driver-config.cmake
[1.066s] 
[1.066s]   Add the installation prefix of "webots_ros2_driver" to CMAKE_PREFIX_PATH or
[1.066s]   set "webots_ros2_driver_DIR" to a directory containing one of the above
[1.066s]   files.  If "webots_ros2_driver" provides a separate development package or
[1.067s]   SDK, be sure it has been installed.
[1.067s] 
[1.067s] [0m
[1.067s] -- Configuring incomplete, errors occurred!
[1.067s] See also "/home/neaz/Downloads/Webots_Arbeit-main/ws/mecanum_robot/build/mecanum_robot/CMakeFiles/CMakeOutput.log".
[1.073s] Invoked command in '/home/neaz/Downloads/Webots_Arbeit-main/ws/mecanum_robot/build/mecanum_robot' returned '1': CMAKE_PREFIX_PATH=/opt/ros/humble /usr/bin/cmake /home/neaz/Downloads/Webots_Arbeit-main/ws/mecanum_robot -DCMAKE_INSTALL_PREFIX=/home/neaz/Downloads/Webots_Arbeit-main/ws/mecanum_robot/install/mecanum_robot
