-- Found ament_cmake: 1.3.5 (/opt/ros/humble/share/ament_cmake/cmake)
-- Found rclcpp: 16.0.6 (/opt/ros/humble/share/rclcpp/cmake)
-- Found rosidl_generator_c: 3.1.5 (/opt/ros/humble/share/rosidl_generator_c/cmake)
-- Found rosidl_adapter: 3.1.5 (/opt/ros/humble/share/rosidl_adapter/cmake)
-- Found rosidl_generator_cpp: 3.1.5 (/opt/ros/humble/share/rosidl_generator_cpp/cmake)
-- Using all available rosidl_typesupport_c: rosidl_typesupport_fastrtps_c;rosidl_typesupport_introspection_c
-- Using all available rosidl_typesupport_cpp: rosidl_typesupport_fastrtps_cpp;rosidl_typesupport_introspection_cpp
-- Found rmw_implementation_cmake: 6.1.1 (/opt/ros/humble/share/rmw_implementation_cmake/cmake)
-- Found rmw_fastrtps_cpp: 6.2.4 (/opt/ros/humble/share/rmw_fastrtps_cpp/cmake)
-- Using RMW implementation 'rmw_fastrtps_cpp' as default
-- Found geometry_msgs: 4.2.3 (/opt/ros/humble/share/geometry_msgs/cmake)
-- Found pluginlib: 5.1.0 (/opt/ros/humble/share/pluginlib/cmake)
-- Found webots_ros2_driver: 2023.1.1 (/opt/ros/humble/share/webots_ros2_driver/cmake)
-- Found eigen3_cmake_module: 0.1.1 (/opt/ros/humble/share/eigen3_cmake_module/cmake)
-- Found Eigen3: TRUE (found version "3.4.0") 
-- Ensuring Eigen3 include directory is part of orocos-kdl CMake target
-- Configuring done
-- Generating done
-- Build files have been written to: /home/neaz/Downloads/mecanum_robot/build/mecanum_robot
[ 50%] [32mBuilding CXX object CMakeFiles/mecanum_robot.dir/src/MyRobotDriver.cpp.o[0m
[100%] [32m[1mLinking CXX shared library libmecanum_robot.so[0m
[100%] Built target mecanum_robot
-- Install configuration: ""
-- Installing: /home/neaz/Downloads/mecanum_robot/install/mecanum_robot/share/mecanum_robot/my_robot_driver.xml
-- Installing: /home/neaz/Downloads/mecanum_robot/install/mecanum_robot/lib/libmecanum_robot.so
-- Set runtime path of "/home/neaz/Downloads/mecanum_robot/install/mecanum_robot/lib/libmecanum_robot.so" to ""
-- Installing: /home/neaz/Downloads/mecanum_robot/install/mecanum_robot/share/mecanum_robot//launch
-- Installing: /home/neaz/Downloads/mecanum_robot/install/mecanum_robot/share/mecanum_robot//launch/cartographer_launch.py
-- Installing: /home/neaz/Downloads/mecanum_robot/install/mecanum_robot/share/mecanum_robot//launch/robot_launch.py
-- Installing: /home/neaz/Downloads/mecanum_robot/install/mecanum_robot/share/mecanum_robot//launch/robot_rtabmap_launch.py
-- Installing: /home/neaz/Downloads/mecanum_robot/install/mecanum_robot/share/mecanum_robot//launch/occupancy_grid_launch.py
-- Installing: /home/neaz/Downloads/mecanum_robot/install/mecanum_robot/share/mecanum_robot//launch/robot_tools_launch.py
-- Installing: /home/neaz/Downloads/mecanum_robot/install/mecanum_robot/share/mecanum_robot//resource
-- Installing: /home/neaz/Downloads/mecanum_robot/install/mecanum_robot/share/mecanum_robot//resource/mecanum.urdf
-- Installing: /home/neaz/Downloads/mecanum_robot/install/mecanum_robot/share/mecanum_robot//worlds
-- Installing: /home/neaz/Downloads/mecanum_robot/install/mecanum_robot/share/mecanum_robot//worlds/.hall.jpg
-- Installing: /home/neaz/Downloads/mecanum_robot/install/mecanum_robot/share/mecanum_robot//worlds/.hall.wbproj
-- Installing: /home/neaz/Downloads/mecanum_robot/install/mecanum_robot/share/mecanum_robot//worlds/hall.wbt
-- Installing: /home/neaz/Downloads/mecanum_robot/install/mecanum_robot/share/mecanum_robot//worlds/my_world.wbt
-- Installing: /home/neaz/Downloads/mecanum_robot/install/mecanum_robot/share/mecanum_robot//worlds/.my_world.wbproj
-- Installing: /home/neaz/Downloads/mecanum_robot/install/mecanum_robot/share/mecanum_robot//worlds/.my_world.jpg
-- Installing: /home/neaz/Downloads/mecanum_robot/install/mecanum_robot/share/mecanum_robot//description
-- Installing: /home/neaz/Downloads/mecanum_robot/install/mecanum_robot/share/mecanum_robot//description/mecanum_robot_description.urdf
-- Installing: /home/neaz/Downloads/mecanum_robot/install/mecanum_robot/share/mecanum_robot//config
-- Installing: /home/neaz/Downloads/mecanum_robot/install/mecanum_robot/share/mecanum_robot//config/rviz2.rviz
-- Installing: /home/neaz/Downloads/mecanum_robot/install/mecanum_robot/share/mecanum_robot//config/mecanum_lds_2d.lua
-- Installing: /home/neaz/Downloads/mecanum_robot/install/mecanum_robot/share/mecanum_robot//config/nav2_params.yaml
-- Installing: /home/neaz/Downloads/mecanum_robot/install/mecanum_robot/share/mecanum_robot//config/slam_config.yaml
-- Installing: /home/neaz/Downloads/mecanum_robot/install/mecanum_robot/share/mecanum_robot/environment/library_path.sh
-- Installing: /home/neaz/Downloads/mecanum_robot/install/mecanum_robot/share/mecanum_robot/environment/library_path.dsv
-- Installing: /home/neaz/Downloads/mecanum_robot/install/mecanum_robot/share/ament_index/resource_index/package_run_dependencies/mecanum_robot
-- Installing: /home/neaz/Downloads/mecanum_robot/install/mecanum_robot/share/ament_index/resource_index/parent_prefix_path/mecanum_robot
-- Installing: /home/neaz/Downloads/mecanum_robot/install/mecanum_robot/share/mecanum_robot/environment/ament_prefix_path.sh
-- Installing: /home/neaz/Downloads/mecanum_robot/install/mecanum_robot/share/mecanum_robot/environment/ament_prefix_path.dsv
-- Installing: /home/neaz/Downloads/mecanum_robot/install/mecanum_robot/share/mecanum_robot/environment/path.sh
-- Installing: /home/neaz/Downloads/mecanum_robot/install/mecanum_robot/share/mecanum_robot/environment/path.dsv
-- Installing: /home/neaz/Downloads/mecanum_robot/install/mecanum_robot/share/mecanum_robot/local_setup.bash
-- Installing: /home/neaz/Downloads/mecanum_robot/install/mecanum_robot/share/mecanum_robot/local_setup.sh
-- Installing: /home/neaz/Downloads/mecanum_robot/install/mecanum_robot/share/mecanum_robot/local_setup.zsh
-- Installing: /home/neaz/Downloads/mecanum_robot/install/mecanum_robot/share/mecanum_robot/local_setup.dsv
-- Installing: /home/neaz/Downloads/mecanum_robot/install/mecanum_robot/share/mecanum_robot/package.dsv
-- Installing: /home/neaz/Downloads/mecanum_robot/install/mecanum_robot/share/ament_index/resource_index/packages/mecanum_robot
-- Installing: /home/neaz/Downloads/mecanum_robot/install/mecanum_robot/share/ament_index/resource_index/webots_ros2_driver__pluginlib__plugin/mecanum_robot
-- Installing: /home/neaz/Downloads/mecanum_robot/install/mecanum_robot/share/mecanum_robot/cmake/ament_cmake_export_include_directories-extras.cmake
-- Installing: /home/neaz/Downloads/mecanum_robot/install/mecanum_robot/share/mecanum_robot/cmake/ament_cmake_export_libraries-extras.cmake
-- Installing: /home/neaz/Downloads/mecanum_robot/install/mecanum_robot/share/mecanum_robot/cmake/mecanum_robotConfig.cmake
-- Installing: /home/neaz/Downloads/mecanum_robot/install/mecanum_robot/share/mecanum_robot/cmake/mecanum_robotConfig-version.cmake
-- Installing: /home/neaz/Downloads/mecanum_robot/install/mecanum_robot/share/mecanum_robot/package.xml
