[0.036s] Invoking command in '/home/neaz/Downloads/mecanum_robot/build/mecanum_robot': CMAKE_PREFIX_PATH=/opt/ros/humble /usr/bin/cmake /home/neaz/Downloads/mecanum_robot -DCMAKE_INSTALL_PREFIX=/home/neaz/Downloads/mecanum_robot/install/mecanum_robot
[0.060s] -- Found ament_cmake: 1.3.5 (/opt/ros/humble/share/ament_cmake/cmake)
[0.173s] -- Found rclcpp: 16.0.6 (/opt/ros/humble/share/rclcpp/cmake)
[0.198s] -- Found rosidl_generator_c: 3.1.5 (/opt/ros/humble/share/rosidl_generator_c/cmake)
[0.201s] -- Found rosidl_adapter: 3.1.5 (/opt/ros/humble/share/rosidl_adapter/cmake)
[0.207s] -- Found rosidl_generator_cpp: 3.1.5 (/opt/ros/humble/share/rosidl_generator_cpp/cmake)
[0.238s] -- Using all available rosidl_typesupport_c: rosidl_typesupport_fastrtps_c;rosidl_typesupport_introspection_c
[0.251s] -- Using all available rosidl_typesupport_cpp: rosidl_typesupport_fastrtps_cpp;rosidl_typesupport_introspection_cpp
[0.300s] -- Found rmw_implementation_cmake: 6.1.1 (/opt/ros/humble/share/rmw_implementation_cmake/cmake)
[0.302s] -- Found rmw_fastrtps_cpp: 6.2.4 (/opt/ros/humble/share/rmw_fastrtps_cpp/cmake)
[0.386s] -- Using RMW implementation 'rmw_fastrtps_cpp' as default
[0.495s] -- Found geometry_msgs: 4.2.3 (/opt/ros/humble/share/geometry_msgs/cmake)
[0.525s] -- Found pluginlib: 5.1.0 (/opt/ros/humble/share/pluginlib/cmake)
[0.539s] -- Found webots_ros2_driver: 2023.1.1 (/opt/ros/humble/share/webots_ros2_driver/cmake)
[0.623s] -- Found eigen3_cmake_module: 0.1.1 (/opt/ros/humble/share/eigen3_cmake_module/cmake)
[0.624s] -- Found Eigen3: TRUE (found version "3.4.0") 
[0.624s] -- Ensuring Eigen3 include directory is part of orocos-kdl CMake target
[1.242s] -- Configuring done
[1.296s] -- Generating done
[1.297s] -- Build files have been written to: /home/neaz/Downloads/mecanum_robot/build/mecanum_robot
[1.303s] Invoked command in '/home/neaz/Downloads/mecanum_robot/build/mecanum_robot' returned '0': CMAKE_PREFIX_PATH=/opt/ros/humble /usr/bin/cmake /home/neaz/Downloads/mecanum_robot -DCMAKE_INSTALL_PREFIX=/home/neaz/Downloads/mecanum_robot/install/mecanum_robot
[1.305s] Invoking command in '/home/neaz/Downloads/mecanum_robot/build/mecanum_robot': CMAKE_PREFIX_PATH=/opt/ros/humble /usr/bin/cmake --build /home/neaz/Downloads/mecanum_robot/build/mecanum_robot -- -j8 -l8
[1.338s] [ 50%] [32mBuilding CXX object CMakeFiles/mecanum_robot.dir/src/MyRobotDriver.cpp.o[0m
[7.220s] [100%] [32m[1mLinking CXX shared library libmecanum_robot.so[0m
[7.662s] [100%] Built target mecanum_robot
[7.669s] Invoked command in '/home/neaz/Downloads/mecanum_robot/build/mecanum_robot' returned '0': CMAKE_PREFIX_PATH=/opt/ros/humble /usr/bin/cmake --build /home/neaz/Downloads/mecanum_robot/build/mecanum_robot -- -j8 -l8
[7.689s] Invoking command in '/home/neaz/Downloads/mecanum_robot/build/mecanum_robot': CMAKE_PREFIX_PATH=/opt/ros/humble /usr/bin/cmake --install /home/neaz/Downloads/mecanum_robot/build/mecanum_robot
[7.694s] -- Install configuration: ""
[7.694s] -- Installing: /home/neaz/Downloads/mecanum_robot/install/mecanum_robot/share/mecanum_robot/my_robot_driver.xml
[7.694s] -- Installing: /home/neaz/Downloads/mecanum_robot/install/mecanum_robot/lib/libmecanum_robot.so
[7.698s] -- Set runtime path of "/home/neaz/Downloads/mecanum_robot/install/mecanum_robot/lib/libmecanum_robot.so" to ""
[7.698s] -- Installing: /home/neaz/Downloads/mecanum_robot/install/mecanum_robot/share/mecanum_robot//launch
[7.698s] -- Installing: /home/neaz/Downloads/mecanum_robot/install/mecanum_robot/share/mecanum_robot//launch/cartographer_launch.py
[7.698s] -- Installing: /home/neaz/Downloads/mecanum_robot/install/mecanum_robot/share/mecanum_robot//launch/robot_launch.py
[7.698s] -- Installing: /home/neaz/Downloads/mecanum_robot/install/mecanum_robot/share/mecanum_robot//launch/robot_rtabmap_launch.py
[7.698s] -- Installing: /home/neaz/Downloads/mecanum_robot/install/mecanum_robot/share/mecanum_robot//launch/occupancy_grid_launch.py
[7.698s] -- Installing: /home/neaz/Downloads/mecanum_robot/install/mecanum_robot/share/mecanum_robot//launch/robot_tools_launch.py
[7.698s] -- Installing: /home/neaz/Downloads/mecanum_robot/install/mecanum_robot/share/mecanum_robot//resource
[7.699s] -- Installing: /home/neaz/Downloads/mecanum_robot/install/mecanum_robot/share/mecanum_robot//resource/mecanum.urdf
[7.699s] -- Installing: /home/neaz/Downloads/mecanum_robot/install/mecanum_robot/share/mecanum_robot//worlds
[7.699s] -- Installing: /home/neaz/Downloads/mecanum_robot/install/mecanum_robot/share/mecanum_robot//worlds/.hall.jpg
[7.699s] -- Installing: /home/neaz/Downloads/mecanum_robot/install/mecanum_robot/share/mecanum_robot//worlds/.hall.wbproj
[7.699s] -- Installing: /home/neaz/Downloads/mecanum_robot/install/mecanum_robot/share/mecanum_robot//worlds/hall.wbt
[7.699s] -- Installing: /home/neaz/Downloads/mecanum_robot/install/mecanum_robot/share/mecanum_robot//worlds/my_world.wbt
[7.699s] -- Installing: /home/neaz/Downloads/mecanum_robot/install/mecanum_robot/share/mecanum_robot//worlds/.my_world.wbproj
[7.700s] -- Installing: /home/neaz/Downloads/mecanum_robot/install/mecanum_robot/share/mecanum_robot//worlds/.my_world.jpg
[7.700s] -- Installing: /home/neaz/Downloads/mecanum_robot/install/mecanum_robot/share/mecanum_robot//description
[7.700s] -- Installing: /home/neaz/Downloads/mecanum_robot/install/mecanum_robot/share/mecanum_robot//description/mecanum_robot_description.urdf
[7.700s] -- Installing: /home/neaz/Downloads/mecanum_robot/install/mecanum_robot/share/mecanum_robot//config
[7.700s] -- Installing: /home/neaz/Downloads/mecanum_robot/install/mecanum_robot/share/mecanum_robot//config/rviz2.rviz
[7.700s] -- Installing: /home/neaz/Downloads/mecanum_robot/install/mecanum_robot/share/mecanum_robot//config/mecanum_lds_2d.lua
[7.700s] -- Installing: /home/neaz/Downloads/mecanum_robot/install/mecanum_robot/share/mecanum_robot//config/nav2_params.yaml
[7.701s] -- Installing: /home/neaz/Downloads/mecanum_robot/install/mecanum_robot/share/mecanum_robot//config/slam_config.yaml
[7.701s] -- Installing: /home/neaz/Downloads/mecanum_robot/install/mecanum_robot/share/mecanum_robot/environment/library_path.sh
[7.701s] -- Installing: /home/neaz/Downloads/mecanum_robot/install/mecanum_robot/share/mecanum_robot/environment/library_path.dsv
[7.701s] -- Installing: /home/neaz/Downloads/mecanum_robot/install/mecanum_robot/share/ament_index/resource_index/package_run_dependencies/mecanum_robot
[7.701s] -- Installing: /home/neaz/Downloads/mecanum_robot/install/mecanum_robot/share/ament_index/resource_index/parent_prefix_path/mecanum_robot
[7.701s] -- Installing: /home/neaz/Downloads/mecanum_robot/install/mecanum_robot/share/mecanum_robot/environment/ament_prefix_path.sh
[7.701s] -- Installing: /home/neaz/Downloads/mecanum_robot/install/mecanum_robot/share/mecanum_robot/environment/ament_prefix_path.dsv
[7.701s] -- Installing: /home/neaz/Downloads/mecanum_robot/install/mecanum_robot/share/mecanum_robot/environment/path.sh
[7.701s] -- Installing: /home/neaz/Downloads/mecanum_robot/install/mecanum_robot/share/mecanum_robot/environment/path.dsv
[7.702s] -- Installing: /home/neaz/Downloads/mecanum_robot/install/mecanum_robot/share/mecanum_robot/local_setup.bash
[7.702s] -- Installing: /home/neaz/Downloads/mecanum_robot/install/mecanum_robot/share/mecanum_robot/local_setup.sh
[7.702s] -- Installing: /home/neaz/Downloads/mecanum_robot/install/mecanum_robot/share/mecanum_robot/local_setup.zsh
[7.702s] -- Installing: /home/neaz/Downloads/mecanum_robot/install/mecanum_robot/share/mecanum_robot/local_setup.dsv
[7.702s] -- Installing: /home/neaz/Downloads/mecanum_robot/install/mecanum_robot/share/mecanum_robot/package.dsv
[7.702s] -- Installing: /home/neaz/Downloads/mecanum_robot/install/mecanum_robot/share/ament_index/resource_index/packages/mecanum_robot
[7.702s] -- Installing: /home/neaz/Downloads/mecanum_robot/install/mecanum_robot/share/ament_index/resource_index/webots_ros2_driver__pluginlib__plugin/mecanum_robot
[7.703s] -- Installing: /home/neaz/Downloads/mecanum_robot/install/mecanum_robot/share/mecanum_robot/cmake/ament_cmake_export_include_directories-extras.cmake
[7.703s] -- Installing: /home/neaz/Downloads/mecanum_robot/install/mecanum_robot/share/mecanum_robot/cmake/ament_cmake_export_libraries-extras.cmake
[7.703s] -- Installing: /home/neaz/Downloads/mecanum_robot/install/mecanum_robot/share/mecanum_robot/cmake/mecanum_robotConfig.cmake
[7.703s] -- Installing: /home/neaz/Downloads/mecanum_robot/install/mecanum_robot/share/mecanum_robot/cmake/mecanum_robotConfig-version.cmake
[7.704s] -- Installing: /home/neaz/Downloads/mecanum_robot/install/mecanum_robot/share/mecanum_robot/package.xml
[7.704s] Invoked command in '/home/neaz/Downloads/mecanum_robot/build/mecanum_robot' returned '0': CMAKE_PREFIX_PATH=/opt/ros/humble /usr/bin/cmake --install /home/neaz/Downloads/mecanum_robot/build/mecanum_robot
