-- Found ament_cmake: 1.3.5 (/opt/ros/humble/share/ament_cmake/cmake)
-- Found rclcpp: 16.0.6 (/opt/ros/humble/share/rclcpp/cmake)
-- Found rosidl_generator_c: 3.1.5 (/opt/ros/humble/share/rosidl_generator_c/cmake)
-- Found rosidl_adapter: 3.1.5 (/opt/ros/humble/share/rosidl_adapter/cmake)
-- Found rosidl_generator_cpp: 3.1.5 (/opt/ros/humble/share/rosidl_generator_cpp/cmake)
-- Using all available rosidl_typesupport_c: rosidl_typesupport_fastrtps_c;rosidl_typesupport_introspection_c
-- Using all available rosidl_typesupport_cpp: rosidl_typesupport_fastrtps_cpp;rosidl_typesupport_introspection_cpp
-- Found rmw_implementation_cmake: 6.1.1 (/opt/ros/humble/share/rmw_implementation_cmake/cmake)
-- Found rmw_fastrtps_cpp: 6.2.4 (/opt/ros/humble/share/rmw_fastrtps_cpp/cmake)
-- Using RMW implementation 'rmw_fastrtps_cpp' as default
-- Found geometry_msgs: 4.2.3 (/opt/ros/humble/share/geometry_msgs/cmake)
-- Found pluginlib: 5.1.0 (/opt/ros/humble/share/pluginlib/cmake)
[31mCMake Error at CMakeLists.txt:14 (find_package):
  By not providing "Findwebots_ros2_driver.cmake" in CMAKE_MODULE_PATH this
  project has asked CMake to find a package configuration file provided by
  "webots_ros2_driver", but CMake did not find one.

  Could not find a package configuration file provided by
  "webots_ros2_driver" with any of the following names:

    webots_ros2_driverConfig.cmake
    webots_ros2_driver-config.cmake

  Add the installation prefix of "webots_ros2_driver" to CMAKE_PREFIX_PATH or
  set "webots_ros2_driver_DIR" to a directory containing one of the above
  files.  If "webots_ros2_driver" provides a separate development package or
  SDK, be sure it has been installed.

[0m
-- Configuring incomplete, errors occurred!
See also "/home/neaz/Downloads/mecanum_robot/build/mecanum_robot/CMakeFiles/CMakeOutput.log".
