[0.047s] Invoking command in '/home/neaz/Downloads/mecanum_robot/build/mecanum_robot': CMAKE_PREFIX_PATH=/opt/ros/humble /usr/bin/cmake /home/neaz/Downloads/mecanum_robot -DCMAKE_INSTALL_PREFIX=/home/neaz/Downloads/mecanum_robot/install/mecanum_robot
[0.054s] -- Found ament_cmake: 1.3.5 (/opt/ros/humble/share/ament_cmake/cmake)
[0.155s] -- Found rclcpp: 16.0.6 (/opt/ros/humble/share/rclcpp/cmake)
[0.177s] -- Found rosidl_generator_c: 3.1.5 (/opt/ros/humble/share/rosidl_generator_c/cmake)
[0.178s] -- Found rosidl_adapter: 3.1.5 (/opt/ros/humble/share/rosidl_adapter/cmake)
[0.182s] -- Found rosidl_generator_cpp: 3.1.5 (/opt/ros/humble/share/rosidl_generator_cpp/cmake)
[0.190s] -- Using all available rosidl_typesupport_c: rosidl_typesupport_fastrtps_c;rosidl_typesupport_introspection_c
[0.202s] -- Using all available rosidl_typesupport_cpp: rosidl_typesupport_fastrtps_cpp;rosidl_typesupport_introspection_cpp
[0.245s] -- Found rmw_implementation_cmake: 6.1.1 (/opt/ros/humble/share/rmw_implementation_cmake/cmake)
[0.246s] -- Found rmw_fastrtps_cpp: 6.2.4 (/opt/ros/humble/share/rmw_fastrtps_cpp/cmake)
[0.343s] -- Using RMW implementation 'rmw_fastrtps_cpp' as default
[0.471s] -- Found geometry_msgs: 4.2.3 (/opt/ros/humble/share/geometry_msgs/cmake)
[0.508s] -- Found pluginlib: 5.1.0 (/opt/ros/humble/share/pluginlib/cmake)
[0.533s] [31mCMake Error at CMakeLists.txt:14 (find_package):
[0.533s]   By not providing "Findwebots_ros2_driver.cmake" in CMAKE_MODULE_PATH this
[0.533s]   project has asked CMake to find a package configuration file provided by
[0.533s]   "webots_ros2_driver", but CMake did not find one.
[0.533s] 
[0.533s]   Could not find a package configuration file provided by
[0.533s]   "webots_ros2_driver" with any of the following names:
[0.534s] 
[0.534s]     webots_ros2_driverConfig.cmake
[0.534s]     webots_ros2_driver-config.cmake
[0.534s] 
[0.534s]   Add the installation prefix of "webots_ros2_driver" to CMAKE_PREFIX_PATH or
[0.534s]   set "webots_ros2_driver_DIR" to a directory containing one of the above
[0.534s]   files.  If "webots_ros2_driver" provides a separate development package or
[0.534s]   SDK, be sure it has been installed.
[0.534s] 
[0.534s] [0m
[0.534s] -- Configuring incomplete, errors occurred!
[0.534s] See also "/home/neaz/Downloads/mecanum_robot/build/mecanum_robot/CMakeFiles/CMakeOutput.log".
[0.540s] Invoked command in '/home/neaz/Downloads/mecanum_robot/build/mecanum_robot' returned '1': CMAKE_PREFIX_PATH=/opt/ros/humble /usr/bin/cmake /home/neaz/Downloads/mecanum_robot -DCMAKE_INSTALL_PREFIX=/home/neaz/Downloads/mecanum_robot/install/mecanum_robot
