[0.036s] Invoking command in '/home/neaz/Downloads/Webots_Arbeit-main/ws/rf2o_laser_odometry-master/build/rf2o_laser_odometry': CMAKE_PREFIX_PATH=/opt/ros/humble /usr/bin/cmake /home/neaz/Downloads/Webots_Arbeit-main/ws/rf2o_laser_odometry-master -DCMAKE_INSTALL_PREFIX=/home/neaz/Downloads/Webots_Arbeit-main/ws/rf2o_laser_odometry-master/install/rf2o_laser_odometry
[0.081s] -- The C compiler identification is GNU 11.4.0
[0.117s] -- The CXX compiler identification is GNU 11.4.0
[0.121s] -- Detecting C compiler ABI info
[0.165s] -- Detecting C compiler ABI info - done
[0.169s] -- Check for working C compiler: /usr/bin/cc - skipped
[0.169s] -- Detecting C compile features
[0.170s] -- Detecting C compile features - done
[0.172s] -- Detecting CXX compiler ABI info
[0.222s] -- Detecting CXX compiler ABI info - done
[0.228s] -- Check for working CXX compiler: /usr/bin/c++ - skipped
[0.228s] -- Detecting CXX compile features
[0.228s] -- Detecting CXX compile features - done
[0.229s] -- Found ament_cmake: 1.3.5 (/opt/ros/humble/share/ament_cmake/cmake)
[0.337s] -- Found Python3: /usr/bin/python3.10 (found version "3.10.12") found components: Interpreter 
[0.422s] -- Found rclcpp: 16.0.6 (/opt/ros/humble/share/rclcpp/cmake)
[0.478s] -- Found rosidl_generator_c: 3.1.5 (/opt/ros/humble/share/rosidl_generator_c/cmake)
[0.490s] -- Found rosidl_adapter: 3.1.5 (/opt/ros/humble/share/rosidl_adapter/cmake)
[0.510s] -- Found rosidl_generator_cpp: 3.1.5 (/opt/ros/humble/share/rosidl_generator_cpp/cmake)
[0.547s] -- Using all available rosidl_typesupport_c: rosidl_typesupport_fastrtps_c;rosidl_typesupport_introspection_c
[0.596s] -- Using all available rosidl_typesupport_cpp: rosidl_typesupport_fastrtps_cpp;rosidl_typesupport_introspection_cpp
[0.778s] -- Found rmw_implementation_cmake: 6.1.1 (/opt/ros/humble/share/rmw_implementation_cmake/cmake)
[0.784s] -- Found rmw_fastrtps_cpp: 6.2.4 (/opt/ros/humble/share/rmw_fastrtps_cpp/cmake)
[0.968s] -- Found OpenSSL: /usr/lib/x86_64-linux-gnu/libcrypto.so (found version "3.0.2")  
[1.022s] -- Found FastRTPS: /opt/ros/humble/include  
[1.119s] -- Using RMW implementation 'rmw_fastrtps_cpp' as default
[1.141s] -- Looking for pthread.h
[1.197s] -- Looking for pthread.h - found
[1.197s] -- Performing Test CMAKE_HAVE_LIBC_PTHREAD
[1.246s] -- Performing Test CMAKE_HAVE_LIBC_PTHREAD - Success
[1.247s] -- Found Threads: TRUE  
[1.655s] -- Found geometry_msgs: 4.2.3 (/opt/ros/humble/share/geometry_msgs/cmake)
[1.785s] -- Found tf2_geometry_msgs: 0.25.4 (/opt/ros/humble/share/tf2_geometry_msgs/cmake)
[1.805s] -- Found eigen3_cmake_module: 0.1.1 (/opt/ros/humble/share/eigen3_cmake_module/cmake)
[1.807s] -- Found Eigen3: TRUE (found version "3.4.0") 
[1.807s] -- Ensuring Eigen3 include directory is part of orocos-kdl CMake target
[2.458s] -- Found sensor_msgs: 4.2.3 (/opt/ros/humble/share/sensor_msgs/cmake)
[2.522s] -- Found nav_msgs: 4.2.3 (/opt/ros/humble/share/nav_msgs/cmake)
[2.591s] -- Found Boost: /usr/lib/x86_64-linux-gnu/cmake/Boost-1.74.0/BoostConfig.cmake (found version "1.74.0")  
[2.644s] -- Configuring done
[2.657s] -- Generating done
[2.658s] -- Build files have been written to: /home/neaz/Downloads/Webots_Arbeit-main/ws/rf2o_laser_odometry-master/build/rf2o_laser_odometry
[2.668s] Invoked command in '/home/neaz/Downloads/Webots_Arbeit-main/ws/rf2o_laser_odometry-master/build/rf2o_laser_odometry' returned '0': CMAKE_PREFIX_PATH=/opt/ros/humble /usr/bin/cmake /home/neaz/Downloads/Webots_Arbeit-main/ws/rf2o_laser_odometry-master -DCMAKE_INSTALL_PREFIX=/home/neaz/Downloads/Webots_Arbeit-main/ws/rf2o_laser_odometry-master/install/rf2o_laser_odometry
[2.668s] Invoking command in '/home/neaz/Downloads/Webots_Arbeit-main/ws/rf2o_laser_odometry-master/build/rf2o_laser_odometry': CMAKE_PREFIX_PATH=/opt/ros/humble /usr/bin/cmake --build /home/neaz/Downloads/Webots_Arbeit-main/ws/rf2o_laser_odometry-master/build/rf2o_laser_odometry -- -j8 -l8
[2.706s] [ 60%] [32mBuilding CXX object CMakeFiles/rf2o_laser_odometry_node.dir/src/CLaserOdometry2DNode.cpp.o[0m
[2.706s] [ 60%] [32mBuilding CXX object CMakeFiles/rf2o_laser_odometry_node.dir/src/CLaserOdometry2D.cpp.o[0m
[2.706s] [ 60%] [32mBuilding CXX object CMakeFiles/rf2o_laser_odometry.dir/src/CLaserOdometry2D.cpp.o[0m
[24.732s] [ 80%] [32m[1mLinking CXX executable rf2o_laser_odometry_node[0m
[25.390s] [100%] [32m[1mLinking CXX static library librf2o_laser_odometry.a[0m
[25.592s] [100%] Built target rf2o_laser_odometry
[25.986s] [100%] Built target rf2o_laser_odometry_node
[25.995s] Invoked command in '/home/neaz/Downloads/Webots_Arbeit-main/ws/rf2o_laser_odometry-master/build/rf2o_laser_odometry' returned '0': CMAKE_PREFIX_PATH=/opt/ros/humble /usr/bin/cmake --build /home/neaz/Downloads/Webots_Arbeit-main/ws/rf2o_laser_odometry-master/build/rf2o_laser_odometry -- -j8 -l8
[26.024s] Invoking command in '/home/neaz/Downloads/Webots_Arbeit-main/ws/rf2o_laser_odometry-master/build/rf2o_laser_odometry': CMAKE_PREFIX_PATH=/opt/ros/humble /usr/bin/cmake --install /home/neaz/Downloads/Webots_Arbeit-main/ws/rf2o_laser_odometry-master/build/rf2o_laser_odometry
[26.029s] -- Install configuration: ""
[26.030s] -- Installing: /home/neaz/Downloads/Webots_Arbeit-main/ws/rf2o_laser_odometry-master/install/rf2o_laser_odometry/lib/rf2o_laser_odometry/rf2o_laser_odometry_node
[26.037s] -- Set runtime path of "/home/neaz/Downloads/Webots_Arbeit-main/ws/rf2o_laser_odometry-master/install/rf2o_laser_odometry/lib/rf2o_laser_odometry/rf2o_laser_odometry_node" to ""
[26.037s] -- Installing: /home/neaz/Downloads/Webots_Arbeit-main/ws/rf2o_laser_odometry-master/install/rf2o_laser_odometry/share/rf2o_laser_odometry/launch
[26.038s] -- Installing: /home/neaz/Downloads/Webots_Arbeit-main/ws/rf2o_laser_odometry-master/install/rf2o_laser_odometry/share/rf2o_laser_odometry/launch/rf2o_laser_odometry.launch.py
[26.038s] -- Installing: /home/neaz/Downloads/Webots_Arbeit-main/ws/rf2o_laser_odometry-master/install/rf2o_laser_odometry/share/ament_index/resource_index/package_run_dependencies/rf2o_laser_odometry
[26.038s] -- Installing: /home/neaz/Downloads/Webots_Arbeit-main/ws/rf2o_laser_odometry-master/install/rf2o_laser_odometry/share/ament_index/resource_index/parent_prefix_path/rf2o_laser_odometry
[26.038s] -- Installing: /home/neaz/Downloads/Webots_Arbeit-main/ws/rf2o_laser_odometry-master/install/rf2o_laser_odometry/share/rf2o_laser_odometry/environment/ament_prefix_path.sh
[26.038s] -- Installing: /home/neaz/Downloads/Webots_Arbeit-main/ws/rf2o_laser_odometry-master/install/rf2o_laser_odometry/share/rf2o_laser_odometry/environment/ament_prefix_path.dsv
[26.039s] -- Installing: /home/neaz/Downloads/Webots_Arbeit-main/ws/rf2o_laser_odometry-master/install/rf2o_laser_odometry/share/rf2o_laser_odometry/environment/path.sh
[26.039s] -- Installing: /home/neaz/Downloads/Webots_Arbeit-main/ws/rf2o_laser_odometry-master/install/rf2o_laser_odometry/share/rf2o_laser_odometry/environment/path.dsv
[26.039s] -- Installing: /home/neaz/Downloads/Webots_Arbeit-main/ws/rf2o_laser_odometry-master/install/rf2o_laser_odometry/share/rf2o_laser_odometry/local_setup.bash
[26.039s] -- Installing: /home/neaz/Downloads/Webots_Arbeit-main/ws/rf2o_laser_odometry-master/install/rf2o_laser_odometry/share/rf2o_laser_odometry/local_setup.sh
[26.039s] -- Installing: /home/neaz/Downloads/Webots_Arbeit-main/ws/rf2o_laser_odometry-master/install/rf2o_laser_odometry/share/rf2o_laser_odometry/local_setup.zsh
[26.039s] -- Installing: /home/neaz/Downloads/Webots_Arbeit-main/ws/rf2o_laser_odometry-master/install/rf2o_laser_odometry/share/rf2o_laser_odometry/local_setup.dsv
[26.039s] -- Installing: /home/neaz/Downloads/Webots_Arbeit-main/ws/rf2o_laser_odometry-master/install/rf2o_laser_odometry/share/rf2o_laser_odometry/package.dsv
[26.039s] -- Installing: /home/neaz/Downloads/Webots_Arbeit-main/ws/rf2o_laser_odometry-master/install/rf2o_laser_odometry/share/ament_index/resource_index/packages/rf2o_laser_odometry
[26.039s] -- Installing: /home/neaz/Downloads/Webots_Arbeit-main/ws/rf2o_laser_odometry-master/install/rf2o_laser_odometry/share/rf2o_laser_odometry/cmake/rf2o_laser_odometryConfig.cmake
[26.040s] -- Installing: /home/neaz/Downloads/Webots_Arbeit-main/ws/rf2o_laser_odometry-master/install/rf2o_laser_odometry/share/rf2o_laser_odometry/cmake/rf2o_laser_odometryConfig-version.cmake
[26.040s] -- Installing: /home/neaz/Downloads/Webots_Arbeit-main/ws/rf2o_laser_odometry-master/install/rf2o_laser_odometry/share/rf2o_laser_odometry/package.xml
[26.041s] Invoked command in '/home/neaz/Downloads/Webots_Arbeit-main/ws/rf2o_laser_odometry-master/build/rf2o_laser_odometry' returned '0': CMAKE_PREFIX_PATH=/opt/ros/humble /usr/bin/cmake --install /home/neaz/Downloads/Webots_Arbeit-main/ws/rf2o_laser_odometry-master/build/rf2o_laser_odometry
