[0.751s] DEBUG:colcon:Command line arguments: ['/usr/bin/colcon', 'build', '--symlink-install']
[0.751s] DEBUG:colcon:Parsed command line arguments: Namespace(log_base=None, log_level=None, verb_name='build', build_base='build', install_base='install', merge_install=False, symlink_install=True, test_result_base=None, continue_on_error=False, executor='parallel', parallel_workers=8, event_handlers=None, ignore_user_meta=False, metas=['./colcon.meta'], base_paths=['.'], packages_ignore=None, packages_ignore_regex=None, paths=None, packages_up_to=None, packages_up_to_regex=None, packages_above=None, packages_above_and_dependencies=None, packages_above_depth=None, packages_select_by_dep=None, packages_skip_by_dep=None, packages_skip_up_to=None, packages_select_build_failed=False, packages_skip_build_finished=False, packages_select_test_failures=False, packages_skip_test_passed=False, packages_select=None, packages_skip=None, packages_select_regex=None, packages_skip_regex=None, packages_start=None, packages_end=None, allow_overriding=[], cmake_args=None, cmake_target=None, cmake_target_skip_unavailable=False, cmake_clean_cache=False, cmake_clean_first=False, cmake_force_configure=False, ament_cmake_args=None, catkin_cmake_args=None, catkin_skip_building_tests=False, verb_parser=<colcon_defaults.argument_parser.defaults.DefaultArgumentsDecorator object at 0x7ff965f46e90>, verb_extension=<colcon_core.verb.build.BuildVerb object at 0x7ff965f47eb0>, main=<bound method BuildVerb.main of <colcon_core.verb.build.BuildVerb object at 0x7ff965f47eb0>>)
[0.789s] Level 1:colcon.colcon_core.package_discovery:discover_packages(colcon_meta) check parameters
[0.789s] Level 1:colcon.colcon_core.package_discovery:discover_packages(recursive) check parameters
[0.789s] Level 1:colcon.colcon_core.package_discovery:discover_packages(ignore) check parameters
[0.789s] Level 1:colcon.colcon_core.package_discovery:discover_packages(path) check parameters
[0.789s] Level 1:colcon.colcon_core.package_discovery:discover_packages(colcon_meta) discover
[0.789s] Level 1:colcon.colcon_core.package_discovery:discover_packages(recursive) discover
[0.789s] INFO:colcon.colcon_core.package_discovery:Crawling recursively for packages in '/home/neaz/Projekt/Ros2_ws/src/ros2_learners/navigation_tb3'
[0.789s] Level 1:colcon.colcon_core.package_identification:_identify(.) by extensions ['ignore', 'ignore_ament_install']
[0.789s] Level 1:colcon.colcon_core.package_identification:_identify(.) by extension 'ignore'
[0.789s] Level 1:colcon.colcon_core.package_identification:_identify(.) by extension 'ignore_ament_install'
[0.790s] Level 1:colcon.colcon_core.package_identification:_identify(.) by extensions ['colcon_pkg']
[0.790s] Level 1:colcon.colcon_core.package_identification:_identify(.) by extension 'colcon_pkg'
[0.790s] Level 1:colcon.colcon_core.package_identification:_identify(.) by extensions ['colcon_meta']
[0.790s] Level 1:colcon.colcon_core.package_identification:_identify(.) by extension 'colcon_meta'
[0.790s] Level 1:colcon.colcon_core.package_identification:_identify(.) by extensions ['ros']
[0.790s] Level 1:colcon.colcon_core.package_identification:_identify(.) by extension 'ros'
[0.801s] DEBUG:colcon.colcon_core.package_identification:Package '.' with type 'ros.ament_cmake' and name 'navigation_tb3'
[0.801s] Level 1:colcon.colcon_core.package_discovery:discover_packages(recursive) using defaults
[0.801s] Level 1:colcon.colcon_core.package_discovery:discover_packages(ignore) discover
[0.801s] Level 1:colcon.colcon_core.package_discovery:discover_packages(ignore) using defaults
[0.801s] Level 1:colcon.colcon_core.package_discovery:discover_packages(path) discover
[0.801s] Level 1:colcon.colcon_core.package_discovery:discover_packages(path) using defaults
[0.880s] Level 1:colcon.colcon_core.package_discovery:discover_packages(prefix_path) check parameters
[0.880s] Level 1:colcon.colcon_core.package_discovery:discover_packages(prefix_path) discover
[0.905s] DEBUG:colcon.colcon_installed_package_information.package_discovery:Found 387 installed packages in /opt/ros/humble
[0.906s] Level 1:colcon.colcon_core.package_discovery:discover_packages(prefix_path) using defaults
[0.999s] Level 5:colcon.colcon_core.verb:set package 'navigation_tb3' build argument 'cmake_args' from command line to 'None'
[0.999s] Level 5:colcon.colcon_core.verb:set package 'navigation_tb3' build argument 'cmake_target' from command line to 'None'
[0.999s] Level 5:colcon.colcon_core.verb:set package 'navigation_tb3' build argument 'cmake_target_skip_unavailable' from command line to 'False'
[0.999s] Level 5:colcon.colcon_core.verb:set package 'navigation_tb3' build argument 'cmake_clean_cache' from command line to 'False'
[0.999s] Level 5:colcon.colcon_core.verb:set package 'navigation_tb3' build argument 'cmake_clean_first' from command line to 'False'
[0.999s] Level 5:colcon.colcon_core.verb:set package 'navigation_tb3' build argument 'cmake_force_configure' from command line to 'False'
[0.999s] Level 5:colcon.colcon_core.verb:set package 'navigation_tb3' build argument 'ament_cmake_args' from command line to 'None'
[0.999s] Level 5:colcon.colcon_core.verb:set package 'navigation_tb3' build argument 'catkin_cmake_args' from command line to 'None'
[0.999s] Level 5:colcon.colcon_core.verb:set package 'navigation_tb3' build argument 'catkin_skip_building_tests' from command line to 'False'
[0.999s] DEBUG:colcon.colcon_core.verb:Building package 'navigation_tb3' with the following arguments: {'ament_cmake_args': None, 'build_base': '/home/neaz/Projekt/Ros2_ws/src/ros2_learners/navigation_tb3/build/navigation_tb3', 'catkin_cmake_args': None, 'catkin_skip_building_tests': False, 'cmake_args': None, 'cmake_clean_cache': False, 'cmake_clean_first': False, 'cmake_force_configure': False, 'cmake_target': None, 'cmake_target_skip_unavailable': False, 'install_base': '/home/neaz/Projekt/Ros2_ws/src/ros2_learners/navigation_tb3/install/navigation_tb3', 'merge_install': False, 'path': '/home/neaz/Projekt/Ros2_ws/src/ros2_learners/navigation_tb3', 'symlink_install': True, 'test_result_base': None}
[1.011s] INFO:colcon.colcon_core.executor:Executing jobs using 'parallel' executor
[1.023s] DEBUG:colcon.colcon_parallel_executor.executor.parallel:run_until_complete
[1.023s] INFO:colcon.colcon_ros.task.ament_cmake.build:Building ROS package in '/home/neaz/Projekt/Ros2_ws/src/ros2_learners/navigation_tb3' with build type 'ament_cmake'
[1.024s] INFO:colcon.colcon_cmake.task.cmake.build:Building CMake package in '/home/neaz/Projekt/Ros2_ws/src/ros2_learners/navigation_tb3'
[1.037s] INFO:colcon.colcon_core.plugin_system:Skipping extension 'colcon_core.shell.bat': Not used on non-Windows systems
[1.037s] INFO:colcon.colcon_core.shell:Skip shell extension 'powershell' for command environment: Not usable outside of PowerShell
[1.037s] DEBUG:colcon.colcon_core.shell:Skip shell extension 'dsv' for command environment
[1.066s] DEBUG:colcon.colcon_core.event_handler.log_command:Invoking command in '/home/neaz/Projekt/Ros2_ws/src/ros2_learners/navigation_tb3/build/navigation_tb3': CMAKE_PREFIX_PATH=/opt/ros/humble /usr/bin/cmake /home/neaz/Projekt/Ros2_ws/src/ros2_learners/navigation_tb3 -DAMENT_CMAKE_SYMLINK_INSTALL=1 -DCMAKE_INSTALL_PREFIX=/home/neaz/Projekt/Ros2_ws/src/ros2_learners/navigation_tb3/install/navigation_tb3
[2.398s] DEBUG:colcon.colcon_core.event_handler.log_command:Invoked command in '/home/neaz/Projekt/Ros2_ws/src/ros2_learners/navigation_tb3/build/navigation_tb3' returned '0': CMAKE_PREFIX_PATH=/opt/ros/humble /usr/bin/cmake /home/neaz/Projekt/Ros2_ws/src/ros2_learners/navigation_tb3 -DAMENT_CMAKE_SYMLINK_INSTALL=1 -DCMAKE_INSTALL_PREFIX=/home/neaz/Projekt/Ros2_ws/src/ros2_learners/navigation_tb3/install/navigation_tb3
[2.400s] DEBUG:colcon.colcon_core.event_handler.log_command:Invoking command in '/home/neaz/Projekt/Ros2_ws/src/ros2_learners/navigation_tb3/build/navigation_tb3': CMAKE_PREFIX_PATH=/opt/ros/humble /usr/bin/cmake --build /home/neaz/Projekt/Ros2_ws/src/ros2_learners/navigation_tb3/build/navigation_tb3 -- -j8 -l8
[6.267s] DEBUG:colcon.colcon_core.event_handler.log_command:Invoked command in '/home/neaz/Projekt/Ros2_ws/src/ros2_learners/navigation_tb3/build/navigation_tb3' returned '0': CMAKE_PREFIX_PATH=/opt/ros/humble /usr/bin/cmake --build /home/neaz/Projekt/Ros2_ws/src/ros2_learners/navigation_tb3/build/navigation_tb3 -- -j8 -l8
[6.294s] DEBUG:colcon.colcon_core.event_handler.log_command:Invoking command in '/home/neaz/Projekt/Ros2_ws/src/ros2_learners/navigation_tb3/build/navigation_tb3': CMAKE_PREFIX_PATH=/opt/ros/humble /usr/bin/cmake --install /home/neaz/Projekt/Ros2_ws/src/ros2_learners/navigation_tb3/build/navigation_tb3
[6.564s] Level 1:colcon.colcon_core.environment:create_environment_scripts_only(navigation_tb3)
[6.564s] DEBUG:colcon.colcon_core.event_handler.log_command:Invoked command in '/home/neaz/Projekt/Ros2_ws/src/ros2_learners/navigation_tb3/build/navigation_tb3' returned '0': CMAKE_PREFIX_PATH=/opt/ros/humble /usr/bin/cmake --install /home/neaz/Projekt/Ros2_ws/src/ros2_learners/navigation_tb3/build/navigation_tb3
[6.578s] Level 1:colcon.colcon_core.environment:checking '/home/neaz/Projekt/Ros2_ws/src/ros2_learners/navigation_tb3/install/navigation_tb3' for CMake module files
[6.579s] Level 1:colcon.colcon_core.environment:checking '/home/neaz/Projekt/Ros2_ws/src/ros2_learners/navigation_tb3/install/navigation_tb3' for CMake config files
[6.579s] Level 1:colcon.colcon_core.shell:create_environment_hook('navigation_tb3', 'cmake_prefix_path')
[6.590s] INFO:colcon.colcon_core.shell:Creating environment hook '/home/neaz/Projekt/Ros2_ws/src/ros2_learners/navigation_tb3/install/navigation_tb3/share/navigation_tb3/hook/cmake_prefix_path.ps1'
[6.591s] INFO:colcon.colcon_core.shell:Creating environment descriptor '/home/neaz/Projekt/Ros2_ws/src/ros2_learners/navigation_tb3/install/navigation_tb3/share/navigation_tb3/hook/cmake_prefix_path.dsv'
[6.591s] INFO:colcon.colcon_core.shell:Creating environment hook '/home/neaz/Projekt/Ros2_ws/src/ros2_learners/navigation_tb3/install/navigation_tb3/share/navigation_tb3/hook/cmake_prefix_path.sh'
[6.592s] Level 1:colcon.colcon_core.environment:checking '/home/neaz/Projekt/Ros2_ws/src/ros2_learners/navigation_tb3/install/navigation_tb3/lib'
[6.592s] Level 1:colcon.colcon_core.environment:checking '/home/neaz/Projekt/Ros2_ws/src/ros2_learners/navigation_tb3/install/navigation_tb3/bin'
[6.592s] Level 1:colcon.colcon_core.environment:checking '/home/neaz/Projekt/Ros2_ws/src/ros2_learners/navigation_tb3/install/navigation_tb3/lib/pkgconfig/navigation_tb3.pc'
[6.592s] Level 1:colcon.colcon_core.environment:checking '/home/neaz/Projekt/Ros2_ws/src/ros2_learners/navigation_tb3/install/navigation_tb3/lib/python3.10/site-packages'
[6.593s] Level 1:colcon.colcon_core.environment:checking '/home/neaz/Projekt/Ros2_ws/src/ros2_learners/navigation_tb3/install/navigation_tb3/bin'
[6.604s] INFO:colcon.colcon_core.shell:Creating package script '/home/neaz/Projekt/Ros2_ws/src/ros2_learners/navigation_tb3/install/navigation_tb3/share/navigation_tb3/package.ps1'
[6.605s] INFO:colcon.colcon_core.shell:Creating package descriptor '/home/neaz/Projekt/Ros2_ws/src/ros2_learners/navigation_tb3/install/navigation_tb3/share/navigation_tb3/package.dsv'
[6.605s] INFO:colcon.colcon_core.shell:Creating package script '/home/neaz/Projekt/Ros2_ws/src/ros2_learners/navigation_tb3/install/navigation_tb3/share/navigation_tb3/package.sh'
[6.606s] INFO:colcon.colcon_core.shell:Creating package script '/home/neaz/Projekt/Ros2_ws/src/ros2_learners/navigation_tb3/install/navigation_tb3/share/navigation_tb3/package.bash'
[6.606s] INFO:colcon.colcon_core.shell:Creating package script '/home/neaz/Projekt/Ros2_ws/src/ros2_learners/navigation_tb3/install/navigation_tb3/share/navigation_tb3/package.zsh'
[6.607s] Level 1:colcon.colcon_core.environment:create_file_with_runtime_dependencies(/home/neaz/Projekt/Ros2_ws/src/ros2_learners/navigation_tb3/install/navigation_tb3/share/colcon-core/packages/navigation_tb3)
[6.640s] Level 1:colcon.colcon_core.environment:create_environment_scripts_only(navigation_tb3)
[6.652s] Level 1:colcon.colcon_core.environment:checking '/home/neaz/Projekt/Ros2_ws/src/ros2_learners/navigation_tb3/install/navigation_tb3' for CMake module files
[6.652s] Level 1:colcon.colcon_core.environment:checking '/home/neaz/Projekt/Ros2_ws/src/ros2_learners/navigation_tb3/install/navigation_tb3' for CMake config files
[6.653s] Level 1:colcon.colcon_core.shell:create_environment_hook('navigation_tb3', 'cmake_prefix_path')
[6.664s] INFO:colcon.colcon_core.shell:Creating environment hook '/home/neaz/Projekt/Ros2_ws/src/ros2_learners/navigation_tb3/install/navigation_tb3/share/navigation_tb3/hook/cmake_prefix_path.ps1'
[6.664s] INFO:colcon.colcon_core.shell:Creating environment descriptor '/home/neaz/Projekt/Ros2_ws/src/ros2_learners/navigation_tb3/install/navigation_tb3/share/navigation_tb3/hook/cmake_prefix_path.dsv'
[6.665s] INFO:colcon.colcon_core.shell:Creating environment hook '/home/neaz/Projekt/Ros2_ws/src/ros2_learners/navigation_tb3/install/navigation_tb3/share/navigation_tb3/hook/cmake_prefix_path.sh'
[6.665s] Level 1:colcon.colcon_core.environment:checking '/home/neaz/Projekt/Ros2_ws/src/ros2_learners/navigation_tb3/install/navigation_tb3/lib'
[6.665s] Level 1:colcon.colcon_core.environment:checking '/home/neaz/Projekt/Ros2_ws/src/ros2_learners/navigation_tb3/install/navigation_tb3/bin'
[6.665s] Level 1:colcon.colcon_core.environment:checking '/home/neaz/Projekt/Ros2_ws/src/ros2_learners/navigation_tb3/install/navigation_tb3/lib/pkgconfig/navigation_tb3.pc'
[6.665s] Level 1:colcon.colcon_core.environment:checking '/home/neaz/Projekt/Ros2_ws/src/ros2_learners/navigation_tb3/install/navigation_tb3/lib/python3.10/site-packages'
[6.665s] Level 1:colcon.colcon_core.environment:checking '/home/neaz/Projekt/Ros2_ws/src/ros2_learners/navigation_tb3/install/navigation_tb3/bin'
[6.677s] INFO:colcon.colcon_core.shell:Creating package script '/home/neaz/Projekt/Ros2_ws/src/ros2_learners/navigation_tb3/install/navigation_tb3/share/navigation_tb3/package.ps1'
[6.678s] INFO:colcon.colcon_core.shell:Creating package descriptor '/home/neaz/Projekt/Ros2_ws/src/ros2_learners/navigation_tb3/install/navigation_tb3/share/navigation_tb3/package.dsv'
[6.678s] INFO:colcon.colcon_core.shell:Creating package script '/home/neaz/Projekt/Ros2_ws/src/ros2_learners/navigation_tb3/install/navigation_tb3/share/navigation_tb3/package.sh'
[6.678s] INFO:colcon.colcon_core.shell:Creating package script '/home/neaz/Projekt/Ros2_ws/src/ros2_learners/navigation_tb3/install/navigation_tb3/share/navigation_tb3/package.bash'
[6.678s] INFO:colcon.colcon_core.shell:Creating package script '/home/neaz/Projekt/Ros2_ws/src/ros2_learners/navigation_tb3/install/navigation_tb3/share/navigation_tb3/package.zsh'
[6.679s] Level 1:colcon.colcon_core.environment:create_file_with_runtime_dependencies(/home/neaz/Projekt/Ros2_ws/src/ros2_learners/navigation_tb3/install/navigation_tb3/share/colcon-core/packages/navigation_tb3)
[6.679s] DEBUG:colcon.colcon_parallel_executor.executor.parallel:closing loop
[6.679s] DEBUG:colcon.colcon_parallel_executor.executor.parallel:loop closed
[6.679s] DEBUG:colcon.colcon_parallel_executor.executor.parallel:run_until_complete finished with '0'
[6.679s] DEBUG:colcon.colcon_core.event_reactor:joining thread
[6.695s] INFO:colcon.colcon_core.plugin_system:Skipping extension 'colcon_notification.desktop_notification.terminal_notifier': Not used on non-Darwin systems
[6.695s] INFO:colcon.colcon_core.plugin_system:Skipping extension 'colcon_notification.desktop_notification.win32': Not used on non-Windows systems
[6.695s] INFO:colcon.colcon_notification.desktop_notification:Sending desktop notification using 'notify2'
[6.706s] DEBUG:colcon.colcon_core.event_reactor:joined thread
[6.718s] INFO:colcon.colcon_core.shell:Creating prefix script '/home/neaz/Projekt/Ros2_ws/src/ros2_learners/navigation_tb3/install/local_setup.ps1'
[6.719s] INFO:colcon.colcon_core.shell:Creating prefix util module '/home/neaz/Projekt/Ros2_ws/src/ros2_learners/navigation_tb3/install/_local_setup_util_ps1.py'
[6.720s] INFO:colcon.colcon_core.shell:Creating prefix chain script '/home/neaz/Projekt/Ros2_ws/src/ros2_learners/navigation_tb3/install/setup.ps1'
[6.733s] INFO:colcon.colcon_core.shell:Creating prefix script '/home/neaz/Projekt/Ros2_ws/src/ros2_learners/navigation_tb3/install/local_setup.sh'
[6.734s] INFO:colcon.colcon_core.shell:Creating prefix util module '/home/neaz/Projekt/Ros2_ws/src/ros2_learners/navigation_tb3/install/_local_setup_util_sh.py'
[6.734s] INFO:colcon.colcon_core.shell:Creating prefix chain script '/home/neaz/Projekt/Ros2_ws/src/ros2_learners/navigation_tb3/install/setup.sh'
[6.748s] INFO:colcon.colcon_core.shell:Creating prefix script '/home/neaz/Projekt/Ros2_ws/src/ros2_learners/navigation_tb3/install/local_setup.bash'
[6.748s] INFO:colcon.colcon_core.shell:Creating prefix chain script '/home/neaz/Projekt/Ros2_ws/src/ros2_learners/navigation_tb3/install/setup.bash'
[6.760s] INFO:colcon.colcon_core.shell:Creating prefix script '/home/neaz/Projekt/Ros2_ws/src/ros2_learners/navigation_tb3/install/local_setup.zsh'
[6.761s] INFO:colcon.colcon_core.shell:Creating prefix chain script '/home/neaz/Projekt/Ros2_ws/src/ros2_learners/navigation_tb3/install/setup.zsh'
